mode: atomic
gitlab.com/pietroski-software-company/devex/golang/serializer/internal/generated/go/pkg/item-error/item.messages.pb.go:34.29,39.2 4 0
gitlab.com/pietroski-software-company/devex/golang/serializer/internal/generated/go/pkg/item-error/item.messages.pb.go:41.37,43.2 1 0
gitlab.com/pietroski-software-company/devex/golang/serializer/internal/generated/go/pkg/item-error/item.messages.pb.go:45.35,45.36 0 0
gitlab.com/pietroski-software-company/devex/golang/serializer/internal/generated/go/pkg/item-error/item.messages.pb.go:47.57,49.14 2 0
gitlab.com/pietroski-software-company/devex/golang/serializer/internal/generated/go/pkg/item-error/item.messages.pb.go:49.14,51.34 2 0
gitlab.com/pietroski-software-company/devex/golang/serializer/internal/generated/go/pkg/item-error/item.messages.pb.go:51.34,53.4 1 0
gitlab.com/pietroski-software-company/devex/golang/serializer/internal/generated/go/pkg/item-error/item.messages.pb.go:54.3,54.12 1 0
gitlab.com/pietroski-software-company/devex/golang/serializer/internal/generated/go/pkg/item-error/item.messages.pb.go:56.2,56.24 1 0
gitlab.com/pietroski-software-company/devex/golang/serializer/internal/generated/go/pkg/item-error/item.messages.pb.go:60.48,62.2 1 0
gitlab.com/pietroski-software-company/devex/golang/serializer/internal/generated/go/pkg/item-error/item.messages.pb.go:64.36,65.14 1 0
gitlab.com/pietroski-software-company/devex/golang/serializer/internal/generated/go/pkg/item-error/item.messages.pb.go:65.14,67.3 1 0
gitlab.com/pietroski-software-company/devex/golang/serializer/internal/generated/go/pkg/item-error/item.messages.pb.go:68.2,68.11 1 0
gitlab.com/pietroski-software-company/devex/golang/serializer/internal/generated/go/pkg/item-error/item.messages.pb.go:71.40,72.14 1 0
gitlab.com/pietroski-software-company/devex/golang/serializer/internal/generated/go/pkg/item-error/item.messages.pb.go:72.14,74.3 1 0
gitlab.com/pietroski-software-company/devex/golang/serializer/internal/generated/go/pkg/item-error/item.messages.pb.go:75.2,75.10 1 0
gitlab.com/pietroski-software-company/devex/golang/serializer/internal/generated/go/pkg/item-error/item.messages.pb.go:78.39,79.14 1 0
gitlab.com/pietroski-software-company/devex/golang/serializer/internal/generated/go/pkg/item-error/item.messages.pb.go:79.14,81.3 1 0
gitlab.com/pietroski-software-company/devex/golang/serializer/internal/generated/go/pkg/item-error/item.messages.pb.go:82.2,82.10 1 0
gitlab.com/pietroski-software-company/devex/golang/serializer/internal/generated/go/pkg/item-error/item.messages.pb.go:85.42,86.14 1 0
gitlab.com/pietroski-software-company/devex/golang/serializer/internal/generated/go/pkg/item-error/item.messages.pb.go:86.14,88.3 1 0
gitlab.com/pietroski-software-company/devex/golang/serializer/internal/generated/go/pkg/item-error/item.messages.pb.go:89.2,89.12 1 0
gitlab.com/pietroski-software-company/devex/golang/serializer/internal/generated/go/pkg/item-error/item.messages.pb.go:121.63,122.60 1 0
gitlab.com/pietroski-software-company/devex/golang/serializer/internal/generated/go/pkg/item-error/item.messages.pb.go:122.60,124.3 1 0
gitlab.com/pietroski-software-company/devex/golang/serializer/internal/generated/go/pkg/item-error/item.messages.pb.go:125.2,125.56 1 0
gitlab.com/pietroski-software-company/devex/golang/serializer/internal/generated/go/pkg/item-error/item.messages.pb.go:140.13,140.59 1 0
gitlab.com/pietroski-software-company/devex/golang/serializer/internal/generated/go/pkg/item-error/item.messages.pb.go:141.49,142.48 1 0
gitlab.com/pietroski-software-company/devex/golang/serializer/internal/generated/go/pkg/item-error/item.messages.pb.go:142.48,144.3 1 0
gitlab.com/pietroski-software-company/devex/golang/serializer/internal/generated/go/pkg/item-error/item.messages.pb.go:145.2,162.51 6 0
gitlab.com/pietroski-software-company/devex/golang/serializer/internal/reflectx/value.go:17.38,33.2 2 0
gitlab.com/pietroski-software-company/devex/golang/serializer/internal/reflectx/value.go:47.39,56.2 2 0
gitlab.com/pietroski-software-company/devex/golang/serializer/internal/reflectx/value.go:58.32,60.2 1 0
gitlab.com/pietroski-software-company/devex/golang/serializer/internal/reflectx/value.go:62.34,64.2 1 0
gitlab.com/pietroski-software-company/devex/golang/serializer/internal/reflectx/value.go:66.45,67.17 1 0
gitlab.com/pietroski-software-company/devex/golang/serializer/internal/reflectx/value.go:67.17,68.66 1 0
gitlab.com/pietroski-software-company/devex/golang/serializer/internal/reflectx/value.go:70.2,70.32 1 0
gitlab.com/pietroski-software-company/devex/golang/serializer/internal/reflectx/value.go:70.32,71.63 1 0
gitlab.com/pietroski-software-company/devex/golang/serializer/internal/reflectx/value.go:75.2,75.64 1 0
gitlab.com/pietroski-software-company/devex/golang/serializer/internal/reflectx/value.go:79.37,80.31 1 0
gitlab.com/pietroski-software-company/devex/golang/serializer/internal/reflectx/value.go:80.31,82.3 1 0
gitlab.com/pietroski-software-company/devex/golang/serializer/internal/reflectx/value.go:84.2,84.31 1 0
gitlab.com/pietroski-software-company/devex/golang/serializer/internal/reflectx/value.go:84.31,87.3 2 0
gitlab.com/pietroski-software-company/devex/golang/serializer/internal/reflectx/value.go:89.2,89.18 1 0
gitlab.com/pietroski-software-company/devex/golang/serializer/internal/reflectx/value.go:89.18,90.58 1 0
gitlab.com/pietroski-software-company/devex/golang/serializer/internal/reflectx/value.go:93.2,93.73 1 0
gitlab.com/pietroski-software-company/devex/golang/serializer/internal/reflectx/value.go:97.43,99.21 2 0
gitlab.com/pietroski-software-company/devex/golang/serializer/internal/reflectx/value.go:99.21,101.3 1 0
gitlab.com/pietroski-software-company/devex/golang/serializer/internal/reflectx/value.go:103.2,103.71 1 0
gitlab.com/pietroski-software-company/devex/golang/serializer/internal/reflectx/value.go:107.41,108.17 1 0
gitlab.com/pietroski-software-company/devex/golang/serializer/internal/reflectx/value.go:108.17,109.61 1 0
gitlab.com/pietroski-software-company/devex/golang/serializer/internal/reflectx/value.go:111.2,111.74 1 0
gitlab.com/pietroski-software-company/devex/golang/serializer/internal/reflectx/value.go:111.74,112.77 1 0
gitlab.com/pietroski-software-company/devex/golang/serializer/internal/reflectx/value.go:115.2,115.24 1 0
gitlab.com/pietroski-software-company/devex/golang/serializer/internal/reflectx/value.go:119.49,120.34 1 0
gitlab.com/pietroski-software-company/devex/golang/serializer/internal/reflectx/value.go:120.34,121.104 1 0
gitlab.com/pietroski-software-company/devex/golang/serializer/internal/reflectx/value.go:123.2,123.74 1 0
gitlab.com/pietroski-software-company/devex/golang/serializer/internal/reflectx/value.go:123.74,124.86 1 0
gitlab.com/pietroski-software-company/devex/golang/serializer/internal/reflectx/value.go:127.2,127.78 1 0
gitlab.com/pietroski-software-company/devex/golang/serializer/internal/reflectx/value.go:131.37,132.31 1 0
gitlab.com/pietroski-software-company/devex/golang/serializer/internal/reflectx/value.go:132.31,134.3 1 0
gitlab.com/pietroski-software-company/devex/golang/serializer/internal/reflectx/value.go:136.2,136.31 1 0
gitlab.com/pietroski-software-company/devex/golang/serializer/internal/reflectx/value.go:136.31,139.3 2 0
gitlab.com/pietroski-software-company/devex/golang/serializer/internal/reflectx/value.go:141.2,141.18 1 0
gitlab.com/pietroski-software-company/devex/golang/serializer/internal/reflectx/value.go:141.18,142.58 1 0
gitlab.com/pietroski-software-company/devex/golang/serializer/internal/reflectx/value.go:145.2,145.73 1 0
gitlab.com/pietroski-software-company/devex/golang/serializer/internal/reflectx/value.go:149.43,151.21 2 0
gitlab.com/pietroski-software-company/devex/golang/serializer/internal/reflectx/value.go:151.21,153.3 1 0
gitlab.com/pietroski-software-company/devex/golang/serializer/internal/reflectx/value.go:155.2,155.71 1 0
gitlab.com/pietroski-software-company/devex/golang/serializer/internal/reflectx/value.go:159.41,160.17 1 0
gitlab.com/pietroski-software-company/devex/golang/serializer/internal/reflectx/value.go:160.17,161.61 1 0
gitlab.com/pietroski-software-company/devex/golang/serializer/internal/reflectx/value.go:163.2,163.74 1 0
gitlab.com/pietroski-software-company/devex/golang/serializer/internal/reflectx/value.go:163.74,164.77 1 0
gitlab.com/pietroski-software-company/devex/golang/serializer/internal/reflectx/value.go:167.2,167.24 1 0
gitlab.com/pietroski-software-company/devex/golang/serializer/internal/reflectx/value.go:171.49,172.34 1 0
gitlab.com/pietroski-software-company/devex/golang/serializer/internal/reflectx/value.go:172.34,173.104 1 0
gitlab.com/pietroski-software-company/devex/golang/serializer/internal/reflectx/value.go:175.2,175.74 1 0
gitlab.com/pietroski-software-company/devex/golang/serializer/internal/reflectx/value.go:175.74,176.86 1 0
gitlab.com/pietroski-software-company/devex/golang/serializer/internal/reflectx/value.go:179.2,179.78 1 0
gitlab.com/pietroski-software-company/devex/golang/serializer/internal/reflectx/value.go:183.37,184.31 1 0
gitlab.com/pietroski-software-company/devex/golang/serializer/internal/reflectx/value.go:184.31,186.3 1 0
gitlab.com/pietroski-software-company/devex/golang/serializer/internal/reflectx/value.go:188.2,188.31 1 0
gitlab.com/pietroski-software-company/devex/golang/serializer/internal/reflectx/value.go:188.31,191.3 2 0
gitlab.com/pietroski-software-company/devex/golang/serializer/internal/reflectx/value.go:193.2,193.18 1 0
gitlab.com/pietroski-software-company/devex/golang/serializer/internal/reflectx/value.go:193.18,194.58 1 0
gitlab.com/pietroski-software-company/devex/golang/serializer/internal/reflectx/value.go:197.2,197.73 1 0
gitlab.com/pietroski-software-company/devex/golang/serializer/internal/reflectx/value.go:201.43,203.21 2 0
gitlab.com/pietroski-software-company/devex/golang/serializer/internal/reflectx/value.go:203.21,205.3 1 0
gitlab.com/pietroski-software-company/devex/golang/serializer/internal/reflectx/value.go:207.2,207.71 1 0
gitlab.com/pietroski-software-company/devex/golang/serializer/internal/reflectx/value.go:211.41,212.17 1 0
gitlab.com/pietroski-software-company/devex/golang/serializer/internal/reflectx/value.go:212.17,213.61 1 0
gitlab.com/pietroski-software-company/devex/golang/serializer/internal/reflectx/value.go:215.2,215.74 1 0
gitlab.com/pietroski-software-company/devex/golang/serializer/internal/reflectx/value.go:215.74,216.77 1 0
gitlab.com/pietroski-software-company/devex/golang/serializer/internal/reflectx/value.go:219.2,219.24 1 0
gitlab.com/pietroski-software-company/devex/golang/serializer/internal/reflectx/value.go:223.49,224.34 1 0
gitlab.com/pietroski-software-company/devex/golang/serializer/internal/reflectx/value.go:224.34,225.104 1 0
gitlab.com/pietroski-software-company/devex/golang/serializer/internal/reflectx/value.go:227.2,227.74 1 0
gitlab.com/pietroski-software-company/devex/golang/serializer/internal/reflectx/value.go:227.74,228.86 1 0
gitlab.com/pietroski-software-company/devex/golang/serializer/internal/reflectx/value.go:231.2,231.78 1 0
gitlab.com/pietroski-software-company/devex/golang/serializer/internal/reflectx/value.go:235.35,236.31 1 0
gitlab.com/pietroski-software-company/devex/golang/serializer/internal/reflectx/value.go:236.31,238.3 1 0
gitlab.com/pietroski-software-company/devex/golang/serializer/internal/reflectx/value.go:240.2,240.31 1 0
gitlab.com/pietroski-software-company/devex/golang/serializer/internal/reflectx/value.go:240.31,243.3 2 0
gitlab.com/pietroski-software-company/devex/golang/serializer/internal/reflectx/value.go:245.2,245.18 1 0
gitlab.com/pietroski-software-company/devex/golang/serializer/internal/reflectx/value.go:245.18,246.57 1 0
gitlab.com/pietroski-software-company/devex/golang/serializer/internal/reflectx/value.go:249.2,249.71 1 0
gitlab.com/pietroski-software-company/devex/golang/serializer/internal/reflectx/value.go:253.42,255.21 2 0
gitlab.com/pietroski-software-company/devex/golang/serializer/internal/reflectx/value.go:255.21,257.3 1 0
gitlab.com/pietroski-software-company/devex/golang/serializer/internal/reflectx/value.go:259.2,259.69 1 0
gitlab.com/pietroski-software-company/devex/golang/serializer/internal/reflectx/value.go:263.39,264.17 1 0
gitlab.com/pietroski-software-company/devex/golang/serializer/internal/reflectx/value.go:264.17,265.60 1 0
gitlab.com/pietroski-software-company/devex/golang/serializer/internal/reflectx/value.go:267.2,267.73 1 0
gitlab.com/pietroski-software-company/devex/golang/serializer/internal/reflectx/value.go:267.73,268.75 1 0
gitlab.com/pietroski-software-company/devex/golang/serializer/internal/reflectx/value.go:271.2,271.23 1 0
gitlab.com/pietroski-software-company/devex/golang/serializer/internal/reflectx/value.go:275.48,276.17 1 0
gitlab.com/pietroski-software-company/devex/golang/serializer/internal/reflectx/value.go:276.17,277.103 1 0
gitlab.com/pietroski-software-company/devex/golang/serializer/internal/reflectx/value.go:279.2,279.73 1 0
gitlab.com/pietroski-software-company/devex/golang/serializer/internal/reflectx/value.go:279.73,280.84 1 0
gitlab.com/pietroski-software-company/devex/golang/serializer/internal/reflectx/value.go:283.2,283.74 1 0
gitlab.com/pietroski-software-company/devex/golang/serializer/internal/reflectx/value.go:287.39,288.31 1 0
gitlab.com/pietroski-software-company/devex/golang/serializer/internal/reflectx/value.go:288.31,290.3 1 0
gitlab.com/pietroski-software-company/devex/golang/serializer/internal/reflectx/value.go:292.2,292.31 1 0
gitlab.com/pietroski-software-company/devex/golang/serializer/internal/reflectx/value.go:292.31,295.3 2 0
gitlab.com/pietroski-software-company/devex/golang/serializer/internal/reflectx/value.go:297.2,297.18 1 0
gitlab.com/pietroski-software-company/devex/golang/serializer/internal/reflectx/value.go:297.18,298.59 1 0
gitlab.com/pietroski-software-company/devex/golang/serializer/internal/reflectx/value.go:301.2,301.75 1 0
gitlab.com/pietroski-software-company/devex/golang/serializer/internal/reflectx/value.go:305.44,307.21 2 0
gitlab.com/pietroski-software-company/devex/golang/serializer/internal/reflectx/value.go:307.21,309.3 1 0
gitlab.com/pietroski-software-company/devex/golang/serializer/internal/reflectx/value.go:311.2,311.71 1 0
gitlab.com/pietroski-software-company/devex/golang/serializer/internal/reflectx/value.go:315.43,316.17 1 0
gitlab.com/pietroski-software-company/devex/golang/serializer/internal/reflectx/value.go:316.17,317.61 1 0
gitlab.com/pietroski-software-company/devex/golang/serializer/internal/reflectx/value.go:319.2,319.75 1 0
gitlab.com/pietroski-software-company/devex/golang/serializer/internal/reflectx/value.go:319.75,320.79 1 0
gitlab.com/pietroski-software-company/devex/golang/serializer/internal/reflectx/value.go:323.2,323.25 1 0
gitlab.com/pietroski-software-company/devex/golang/serializer/internal/reflectx/value.go:327.50,328.34 1 0
gitlab.com/pietroski-software-company/devex/golang/serializer/internal/reflectx/value.go:328.34,329.104 1 0
gitlab.com/pietroski-software-company/devex/golang/serializer/internal/reflectx/value.go:331.2,331.75 1 0
gitlab.com/pietroski-software-company/devex/golang/serializer/internal/reflectx/value.go:331.75,332.88 1 0
gitlab.com/pietroski-software-company/devex/golang/serializer/internal/reflectx/value.go:335.2,335.80 1 0
gitlab.com/pietroski-software-company/devex/golang/serializer/internal/reflectx/value.go:339.39,340.31 1 0
gitlab.com/pietroski-software-company/devex/golang/serializer/internal/reflectx/value.go:340.31,342.3 1 0
gitlab.com/pietroski-software-company/devex/golang/serializer/internal/reflectx/value.go:344.2,344.31 1 0
gitlab.com/pietroski-software-company/devex/golang/serializer/internal/reflectx/value.go:344.31,347.3 2 0
gitlab.com/pietroski-software-company/devex/golang/serializer/internal/reflectx/value.go:349.2,349.18 1 0
gitlab.com/pietroski-software-company/devex/golang/serializer/internal/reflectx/value.go:349.18,350.59 1 0
gitlab.com/pietroski-software-company/devex/golang/serializer/internal/reflectx/value.go:353.2,353.75 1 0
gitlab.com/pietroski-software-company/devex/golang/serializer/internal/reflectx/value.go:357.44,359.21 2 0
gitlab.com/pietroski-software-company/devex/golang/serializer/internal/reflectx/value.go:359.21,361.3 1 0
gitlab.com/pietroski-software-company/devex/golang/serializer/internal/reflectx/value.go:363.2,363.71 1 0
gitlab.com/pietroski-software-company/devex/golang/serializer/internal/reflectx/value.go:367.43,368.17 1 0
gitlab.com/pietroski-software-company/devex/golang/serializer/internal/reflectx/value.go:368.17,369.61 1 0
gitlab.com/pietroski-software-company/devex/golang/serializer/internal/reflectx/value.go:371.2,371.75 1 0
gitlab.com/pietroski-software-company/devex/golang/serializer/internal/reflectx/value.go:371.75,372.79 1 0
gitlab.com/pietroski-software-company/devex/golang/serializer/internal/reflectx/value.go:375.2,375.25 1 0
gitlab.com/pietroski-software-company/devex/golang/serializer/internal/reflectx/value.go:379.50,380.34 1 0
gitlab.com/pietroski-software-company/devex/golang/serializer/internal/reflectx/value.go:380.34,381.104 1 0
gitlab.com/pietroski-software-company/devex/golang/serializer/internal/reflectx/value.go:383.2,383.75 1 0
gitlab.com/pietroski-software-company/devex/golang/serializer/internal/reflectx/value.go:383.75,384.88 1 0
gitlab.com/pietroski-software-company/devex/golang/serializer/internal/reflectx/value.go:387.2,387.80 1 0
gitlab.com/pietroski-software-company/devex/golang/serializer/internal/reflectx/value.go:391.39,392.31 1 0
gitlab.com/pietroski-software-company/devex/golang/serializer/internal/reflectx/value.go:392.31,394.3 1 0
gitlab.com/pietroski-software-company/devex/golang/serializer/internal/reflectx/value.go:396.2,396.31 1 0
gitlab.com/pietroski-software-company/devex/golang/serializer/internal/reflectx/value.go:396.31,399.3 2 0
gitlab.com/pietroski-software-company/devex/golang/serializer/internal/reflectx/value.go:401.2,401.18 1 0
gitlab.com/pietroski-software-company/devex/golang/serializer/internal/reflectx/value.go:401.18,402.59 1 0
gitlab.com/pietroski-software-company/devex/golang/serializer/internal/reflectx/value.go:405.2,405.75 1 0
gitlab.com/pietroski-software-company/devex/golang/serializer/internal/reflectx/value.go:409.44,411.21 2 0
gitlab.com/pietroski-software-company/devex/golang/serializer/internal/reflectx/value.go:411.21,413.3 1 0
gitlab.com/pietroski-software-company/devex/golang/serializer/internal/reflectx/value.go:415.2,415.71 1 0
gitlab.com/pietroski-software-company/devex/golang/serializer/internal/reflectx/value.go:419.43,420.17 1 0
gitlab.com/pietroski-software-company/devex/golang/serializer/internal/reflectx/value.go:420.17,421.61 1 0
gitlab.com/pietroski-software-company/devex/golang/serializer/internal/reflectx/value.go:423.2,423.75 1 0
gitlab.com/pietroski-software-company/devex/golang/serializer/internal/reflectx/value.go:423.75,424.79 1 0
gitlab.com/pietroski-software-company/devex/golang/serializer/internal/reflectx/value.go:427.2,427.25 1 0
gitlab.com/pietroski-software-company/devex/golang/serializer/internal/reflectx/value.go:431.50,432.34 1 0
gitlab.com/pietroski-software-company/devex/golang/serializer/internal/reflectx/value.go:432.34,433.104 1 0
gitlab.com/pietroski-software-company/devex/golang/serializer/internal/reflectx/value.go:435.2,435.75 1 0
gitlab.com/pietroski-software-company/devex/golang/serializer/internal/reflectx/value.go:435.75,436.88 1 0
gitlab.com/pietroski-software-company/devex/golang/serializer/internal/reflectx/value.go:439.2,439.80 1 0
gitlab.com/pietroski-software-company/devex/golang/serializer/internal/reflectx/value.go:443.37,444.31 1 0
gitlab.com/pietroski-software-company/devex/golang/serializer/internal/reflectx/value.go:444.31,446.3 1 0
gitlab.com/pietroski-software-company/devex/golang/serializer/internal/reflectx/value.go:448.2,448.31 1 0
gitlab.com/pietroski-software-company/devex/golang/serializer/internal/reflectx/value.go:448.31,451.3 2 0
gitlab.com/pietroski-software-company/devex/golang/serializer/internal/reflectx/value.go:453.2,453.18 1 0
gitlab.com/pietroski-software-company/devex/golang/serializer/internal/reflectx/value.go:453.18,454.58 1 0
gitlab.com/pietroski-software-company/devex/golang/serializer/internal/reflectx/value.go:457.2,457.73 1 0
gitlab.com/pietroski-software-company/devex/golang/serializer/internal/reflectx/value.go:461.43,463.21 2 0
gitlab.com/pietroski-software-company/devex/golang/serializer/internal/reflectx/value.go:463.21,465.3 1 0
gitlab.com/pietroski-software-company/devex/golang/serializer/internal/reflectx/value.go:467.2,467.69 1 0
gitlab.com/pietroski-software-company/devex/golang/serializer/internal/reflectx/value.go:471.41,472.17 1 0
gitlab.com/pietroski-software-company/devex/golang/serializer/internal/reflectx/value.go:472.17,473.60 1 0
gitlab.com/pietroski-software-company/devex/golang/serializer/internal/reflectx/value.go:475.2,475.74 1 0
gitlab.com/pietroski-software-company/devex/golang/serializer/internal/reflectx/value.go:475.74,476.77 1 0
gitlab.com/pietroski-software-company/devex/golang/serializer/internal/reflectx/value.go:479.2,479.24 1 0
gitlab.com/pietroski-software-company/devex/golang/serializer/internal/reflectx/value.go:483.49,484.32 1 0
gitlab.com/pietroski-software-company/devex/golang/serializer/internal/reflectx/value.go:484.32,485.103 1 0
gitlab.com/pietroski-software-company/devex/golang/serializer/internal/reflectx/value.go:487.2,487.74 1 0
gitlab.com/pietroski-software-company/devex/golang/serializer/internal/reflectx/value.go:487.74,488.86 1 0
gitlab.com/pietroski-software-company/devex/golang/serializer/internal/reflectx/value.go:491.2,491.76 1 0
gitlab.com/pietroski-software-company/devex/golang/serializer/fakes/fake_beautifier.go:30.65,34.2 3 0
gitlab.com/pietroski-software-company/devex/golang/serializer/fakes/fake_beautifier.go:37.63,39.2 1 0
gitlab.com/pietroski-software-company/devex/golang/serializer/fakes/fake_beautifier.go:42.80,48.2 5 0
gitlab.com/pietroski-software-company/devex/golang/serializer/fakes/fake_beautifier.go:51.83,54.2 2 0
gitlab.com/pietroski-software-company/devex/golang/serializer/fakes/fake_beautifier.go:57.59,62.2 4 0
gitlab.com/pietroski-software-company/devex/golang/serializer/fakes/fake_beautifier.go:65.79,68.2 2 0
gitlab.com/pietroski-software-company/devex/golang/serializer/fakes/fake_beautifier.go:71.67,76.2 4 0
gitlab.com/pietroski-software-company/devex/golang/serializer/fakes/fake_beautifier.go:79.80,82.2 2 0
gitlab.com/pietroski-software-company/devex/golang/serializer/fakes/fake_beautifier.go:85.62,91.2 5 0
gitlab.com/pietroski-software-company/devex/golang/serializer/fakes/fake_beautifier.go:94.72,97.2 2 0
gitlab.com/pietroski-software-company/devex/golang/serializer/fakes/fake_serializer.go:30.65,34.2 3 0
gitlab.com/pietroski-software-company/devex/golang/serializer/fakes/fake_serializer.go:37.63,39.2 1 0
gitlab.com/pietroski-software-company/devex/golang/serializer/fakes/fake_serializer.go:42.59,47.2 4 0
gitlab.com/pietroski-software-company/devex/golang/serializer/fakes/fake_serializer.go:50.79,53.2 2 0
gitlab.com/pietroski-software-company/devex/golang/serializer/fakes/fake_serializer.go:56.67,61.2 4 0
gitlab.com/pietroski-software-company/devex/golang/serializer/fakes/fake_serializer.go:64.80,67.2 2 0
gitlab.com/pietroski-software-company/devex/golang/serializer/fakes/fake_serializer.go:70.62,76.2 5 0
gitlab.com/pietroski-software-company/devex/golang/serializer/fakes/fake_serializer.go:79.72,82.2 2 0
gitlab.com/pietroski-software-company/devex/golang/serializer/internal/bytesx/encoding.go:7.36,11.2 3 0
gitlab.com/pietroski-software-company/devex/golang/serializer/internal/bytesx/encoding.go:13.36,19.2 5 0
gitlab.com/pietroski-software-company/devex/golang/serializer/internal/bytesx/encoding.go:21.36,31.2 9 0
gitlab.com/pietroski-software-company/devex/golang/serializer/internal/bytesx/encoding.go:33.30,36.2 2 0
gitlab.com/pietroski-software-company/devex/golang/serializer/internal/bytesx/encoding.go:38.30,41.2 2 0
gitlab.com/pietroski-software-company/devex/golang/serializer/internal/bytesx/encoding.go:43.30,47.2 2 0
gitlab.com/pietroski-software-company/devex/golang/serializer/internal/bytesx/encoding.go:53.33,59.2 5 0
gitlab.com/pietroski-software-company/devex/golang/serializer/internal/bytesx/encoding.go:61.33,69.2 7 0
gitlab.com/pietroski-software-company/devex/golang/serializer/internal/bytesx/encoding.go:71.33,83.2 11 0
gitlab.com/pietroski-software-company/devex/golang/serializer/internal/bytesx/reader.go:8.37,12.2 1 0
gitlab.com/pietroski-software-company/devex/golang/serializer/internal/bytesx/reader.go:14.32,17.2 2 0
gitlab.com/pietroski-software-company/devex/golang/serializer/internal/bytesx/reader.go:19.39,22.2 2 0
gitlab.com/pietroski-software-company/devex/golang/serializer/internal/bytesx/reader.go:24.32,26.2 1 0
gitlab.com/pietroski-software-company/devex/golang/serializer/internal/bytesx/reader.go:28.32,30.2 1 0
gitlab.com/pietroski-software-company/devex/golang/serializer/internal/bytesx/reader.go:32.35,34.2 1 0
gitlab.com/pietroski-software-company/devex/golang/serializer/internal/bytesx/reader.go:36.45,38.2 1 0
gitlab.com/pietroski-software-company/devex/golang/serializer/internal/bytesx/reader.go:40.38,44.2 3 0
gitlab.com/pietroski-software-company/devex/golang/serializer/internal/bytesx/writer.go:10.37,17.22 4 0
gitlab.com/pietroski-software-company/devex/golang/serializer/internal/bytesx/writer.go:17.22,19.3 1 0
gitlab.com/pietroski-software-company/devex/golang/serializer/internal/bytesx/writer.go:20.2,20.17 1 0
gitlab.com/pietroski-software-company/devex/golang/serializer/internal/bytesx/writer.go:20.17,22.3 1 0
gitlab.com/pietroski-software-company/devex/golang/serializer/internal/bytesx/writer.go:24.2,24.12 1 0
gitlab.com/pietroski-software-company/devex/golang/serializer/internal/bytesx/writer.go:27.32,28.22 1 0
gitlab.com/pietroski-software-company/devex/golang/serializer/internal/bytesx/writer.go:28.22,34.3 5 0
gitlab.com/pietroski-software-company/devex/golang/serializer/internal/bytesx/writer.go:36.2,38.15 3 0
gitlab.com/pietroski-software-company/devex/golang/serializer/internal/bytesx/writer.go:41.37,43.25 2 0
gitlab.com/pietroski-software-company/devex/golang/serializer/internal/bytesx/writer.go:43.25,46.31 3 0
gitlab.com/pietroski-software-company/devex/golang/serializer/internal/bytesx/writer.go:46.31,48.4 1 0
gitlab.com/pietroski-software-company/devex/golang/serializer/internal/bytesx/writer.go:50.3,53.36 4 0
gitlab.com/pietroski-software-company/devex/golang/serializer/internal/bytesx/writer.go:56.2,58.22 3 0
gitlab.com/pietroski-software-company/devex/golang/serializer/internal/bytesx/writer.go:61.35,63.2 1 0
gitlab.com/pietroski-software-company/devex/golang/serializer/mocks/mocked_beautifier.go:30.65,34.2 3 0
gitlab.com/pietroski-software-company/devex/golang/serializer/mocks/mocked_beautifier.go:37.63,39.2 1 0
gitlab.com/pietroski-software-company/devex/golang/serializer/mocks/mocked_beautifier.go:42.80,48.2 5 0
gitlab.com/pietroski-software-company/devex/golang/serializer/mocks/mocked_beautifier.go:51.83,54.2 2 0
gitlab.com/pietroski-software-company/devex/golang/serializer/mocks/mocked_beautifier.go:57.59,62.2 4 0
gitlab.com/pietroski-software-company/devex/golang/serializer/mocks/mocked_beautifier.go:65.79,68.2 2 0
gitlab.com/pietroski-software-company/devex/golang/serializer/mocks/mocked_beautifier.go:71.67,76.2 4 0
gitlab.com/pietroski-software-company/devex/golang/serializer/mocks/mocked_beautifier.go:79.80,82.2 2 0
gitlab.com/pietroski-software-company/devex/golang/serializer/mocks/mocked_beautifier.go:85.62,91.2 5 0
gitlab.com/pietroski-software-company/devex/golang/serializer/mocks/mocked_beautifier.go:94.72,97.2 2 0
gitlab.com/pietroski-software-company/devex/golang/serializer/mocks/mocked_serializer.go:30.65,34.2 3 0
gitlab.com/pietroski-software-company/devex/golang/serializer/mocks/mocked_serializer.go:37.63,39.2 1 0
gitlab.com/pietroski-software-company/devex/golang/serializer/mocks/mocked_serializer.go:42.59,47.2 4 0
gitlab.com/pietroski-software-company/devex/golang/serializer/mocks/mocked_serializer.go:50.79,53.2 2 0
gitlab.com/pietroski-software-company/devex/golang/serializer/mocks/mocked_serializer.go:56.67,61.2 4 0
gitlab.com/pietroski-software-company/devex/golang/serializer/mocks/mocked_serializer.go:64.80,67.2 2 0
gitlab.com/pietroski-software-company/devex/golang/serializer/mocks/mocked_serializer.go:70.62,76.2 5 0
gitlab.com/pietroski-software-company/devex/golang/serializer/mocks/mocked_serializer.go:79.72,82.2 2 0
gitlab.com/pietroski-software-company/devex/golang/serializer/internal/generated/go/pkg/item/item.messages.pb.go:33.27,38.2 4 0
gitlab.com/pietroski-software-company/devex/golang/serializer/internal/generated/go/pkg/item/item.messages.pb.go:40.35,42.2 1 0
gitlab.com/pietroski-software-company/devex/golang/serializer/internal/generated/go/pkg/item/item.messages.pb.go:44.33,44.34 0 0
gitlab.com/pietroski-software-company/devex/golang/serializer/internal/generated/go/pkg/item/item.messages.pb.go:46.55,48.14 2 0
gitlab.com/pietroski-software-company/devex/golang/serializer/internal/generated/go/pkg/item/item.messages.pb.go:48.14,50.34 2 0
gitlab.com/pietroski-software-company/devex/golang/serializer/internal/generated/go/pkg/item/item.messages.pb.go:50.34,52.4 1 0
gitlab.com/pietroski-software-company/devex/golang/serializer/internal/generated/go/pkg/item/item.messages.pb.go:53.3,53.12 1 0
gitlab.com/pietroski-software-company/devex/golang/serializer/internal/generated/go/pkg/item/item.messages.pb.go:55.2,55.24 1 0
gitlab.com/pietroski-software-company/devex/golang/serializer/internal/generated/go/pkg/item/item.messages.pb.go:59.46,61.2 1 0
gitlab.com/pietroski-software-company/devex/golang/serializer/internal/generated/go/pkg/item/item.messages.pb.go:63.35,64.14 1 0
gitlab.com/pietroski-software-company/devex/golang/serializer/internal/generated/go/pkg/item/item.messages.pb.go:64.14,66.3 1 0
gitlab.com/pietroski-software-company/devex/golang/serializer/internal/generated/go/pkg/item/item.messages.pb.go:67.2,67.10 1 0
gitlab.com/pietroski-software-company/devex/golang/serializer/internal/generated/go/pkg/item/item.messages.pb.go:70.37,71.14 1 0
gitlab.com/pietroski-software-company/devex/golang/serializer/internal/generated/go/pkg/item/item.messages.pb.go:71.14,73.3 1 0
gitlab.com/pietroski-software-company/devex/golang/serializer/internal/generated/go/pkg/item/item.messages.pb.go:74.2,74.10 1 0
gitlab.com/pietroski-software-company/devex/golang/serializer/internal/generated/go/pkg/item/item.messages.pb.go:77.40,78.14 1 0
gitlab.com/pietroski-software-company/devex/golang/serializer/internal/generated/go/pkg/item/item.messages.pb.go:78.14,80.3 1 0
gitlab.com/pietroski-software-company/devex/golang/serializer/internal/generated/go/pkg/item/item.messages.pb.go:81.2,81.11 1 0
gitlab.com/pietroski-software-company/devex/golang/serializer/internal/generated/go/pkg/item/item.messages.pb.go:95.24,100.2 4 0
gitlab.com/pietroski-software-company/devex/golang/serializer/internal/generated/go/pkg/item/item.messages.pb.go:102.32,104.2 1 0
gitlab.com/pietroski-software-company/devex/golang/serializer/internal/generated/go/pkg/item/item.messages.pb.go:106.30,106.31 0 0
gitlab.com/pietroski-software-company/devex/golang/serializer/internal/generated/go/pkg/item/item.messages.pb.go:108.52,110.14 2 0
gitlab.com/pietroski-software-company/devex/golang/serializer/internal/generated/go/pkg/item/item.messages.pb.go:110.14,112.34 2 0
gitlab.com/pietroski-software-company/devex/golang/serializer/internal/generated/go/pkg/item/item.messages.pb.go:112.34,114.4 1 0
gitlab.com/pietroski-software-company/devex/golang/serializer/internal/generated/go/pkg/item/item.messages.pb.go:115.3,115.12 1 0
gitlab.com/pietroski-software-company/devex/golang/serializer/internal/generated/go/pkg/item/item.messages.pb.go:117.2,117.24 1 0
gitlab.com/pietroski-software-company/devex/golang/serializer/internal/generated/go/pkg/item/item.messages.pb.go:121.43,123.2 1 0
gitlab.com/pietroski-software-company/devex/golang/serializer/internal/generated/go/pkg/item/item.messages.pb.go:125.31,126.14 1 0
gitlab.com/pietroski-software-company/devex/golang/serializer/internal/generated/go/pkg/item/item.messages.pb.go:126.14,128.3 1 0
gitlab.com/pietroski-software-company/devex/golang/serializer/internal/generated/go/pkg/item/item.messages.pb.go:129.2,129.11 1 0
gitlab.com/pietroski-software-company/devex/golang/serializer/internal/generated/go/pkg/item/item.messages.pb.go:132.35,133.14 1 0
gitlab.com/pietroski-software-company/devex/golang/serializer/internal/generated/go/pkg/item/item.messages.pb.go:133.14,135.3 1 0
gitlab.com/pietroski-software-company/devex/golang/serializer/internal/generated/go/pkg/item/item.messages.pb.go:136.2,136.10 1 0
gitlab.com/pietroski-software-company/devex/golang/serializer/internal/generated/go/pkg/item/item.messages.pb.go:139.34,140.14 1 0
gitlab.com/pietroski-software-company/devex/golang/serializer/internal/generated/go/pkg/item/item.messages.pb.go:140.14,142.3 1 0
gitlab.com/pietroski-software-company/devex/golang/serializer/internal/generated/go/pkg/item/item.messages.pb.go:143.2,143.10 1 0
gitlab.com/pietroski-software-company/devex/golang/serializer/internal/generated/go/pkg/item/item.messages.pb.go:146.38,147.14 1 0
gitlab.com/pietroski-software-company/devex/golang/serializer/internal/generated/go/pkg/item/item.messages.pb.go:147.14,149.3 1 0
gitlab.com/pietroski-software-company/devex/golang/serializer/internal/generated/go/pkg/item/item.messages.pb.go:150.2,150.12 1 0
gitlab.com/pietroski-software-company/devex/golang/serializer/internal/generated/go/pkg/item/item.messages.pb.go:163.34,168.2 4 0
gitlab.com/pietroski-software-company/devex/golang/serializer/internal/generated/go/pkg/item/item.messages.pb.go:170.42,172.2 1 0
gitlab.com/pietroski-software-company/devex/golang/serializer/internal/generated/go/pkg/item/item.messages.pb.go:174.40,174.41 0 0
gitlab.com/pietroski-software-company/devex/golang/serializer/internal/generated/go/pkg/item/item.messages.pb.go:176.62,178.14 2 0
gitlab.com/pietroski-software-company/devex/golang/serializer/internal/generated/go/pkg/item/item.messages.pb.go:178.14,180.34 2 0
gitlab.com/pietroski-software-company/devex/golang/serializer/internal/generated/go/pkg/item/item.messages.pb.go:180.34,182.4 1 0
gitlab.com/pietroski-software-company/devex/golang/serializer/internal/generated/go/pkg/item/item.messages.pb.go:183.3,183.12 1 0
gitlab.com/pietroski-software-company/devex/golang/serializer/internal/generated/go/pkg/item/item.messages.pb.go:185.2,185.24 1 0
gitlab.com/pietroski-software-company/devex/golang/serializer/internal/generated/go/pkg/item/item.messages.pb.go:189.53,191.2 1 0
gitlab.com/pietroski-software-company/devex/golang/serializer/internal/generated/go/pkg/item/item.messages.pb.go:193.42,194.14 1 0
gitlab.com/pietroski-software-company/devex/golang/serializer/internal/generated/go/pkg/item/item.messages.pb.go:194.14,196.3 1 0
gitlab.com/pietroski-software-company/devex/golang/serializer/internal/generated/go/pkg/item/item.messages.pb.go:197.2,197.10 1 0
gitlab.com/pietroski-software-company/devex/golang/serializer/internal/generated/go/pkg/item/item.messages.pb.go:200.44,201.14 1 0
gitlab.com/pietroski-software-company/devex/golang/serializer/internal/generated/go/pkg/item/item.messages.pb.go:201.14,203.3 1 0
gitlab.com/pietroski-software-company/devex/golang/serializer/internal/generated/go/pkg/item/item.messages.pb.go:204.2,204.10 1 0
gitlab.com/pietroski-software-company/devex/golang/serializer/internal/generated/go/pkg/item/item.messages.pb.go:207.47,208.14 1 0
gitlab.com/pietroski-software-company/devex/golang/serializer/internal/generated/go/pkg/item/item.messages.pb.go:208.14,210.3 1 0
gitlab.com/pietroski-software-company/devex/golang/serializer/internal/generated/go/pkg/item/item.messages.pb.go:211.2,211.11 1 0
gitlab.com/pietroski-software-company/devex/golang/serializer/internal/generated/go/pkg/item/item.messages.pb.go:225.31,230.2 4 0
gitlab.com/pietroski-software-company/devex/golang/serializer/internal/generated/go/pkg/item/item.messages.pb.go:232.39,234.2 1 0
gitlab.com/pietroski-software-company/devex/golang/serializer/internal/generated/go/pkg/item/item.messages.pb.go:236.37,236.38 0 0
gitlab.com/pietroski-software-company/devex/golang/serializer/internal/generated/go/pkg/item/item.messages.pb.go:238.59,240.14 2 0
gitlab.com/pietroski-software-company/devex/golang/serializer/internal/generated/go/pkg/item/item.messages.pb.go:240.14,242.34 2 0
gitlab.com/pietroski-software-company/devex/golang/serializer/internal/generated/go/pkg/item/item.messages.pb.go:242.34,244.4 1 0
gitlab.com/pietroski-software-company/devex/golang/serializer/internal/generated/go/pkg/item/item.messages.pb.go:245.3,245.12 1 0
gitlab.com/pietroski-software-company/devex/golang/serializer/internal/generated/go/pkg/item/item.messages.pb.go:247.2,247.24 1 0
gitlab.com/pietroski-software-company/devex/golang/serializer/internal/generated/go/pkg/item/item.messages.pb.go:251.50,253.2 1 0
gitlab.com/pietroski-software-company/devex/golang/serializer/internal/generated/go/pkg/item/item.messages.pb.go:255.38,256.14 1 0
gitlab.com/pietroski-software-company/devex/golang/serializer/internal/generated/go/pkg/item/item.messages.pb.go:256.14,258.3 1 0
gitlab.com/pietroski-software-company/devex/golang/serializer/internal/generated/go/pkg/item/item.messages.pb.go:259.2,259.11 1 0
gitlab.com/pietroski-software-company/devex/golang/serializer/internal/generated/go/pkg/item/item.messages.pb.go:262.42,263.14 1 0
gitlab.com/pietroski-software-company/devex/golang/serializer/internal/generated/go/pkg/item/item.messages.pb.go:263.14,265.3 1 0
gitlab.com/pietroski-software-company/devex/golang/serializer/internal/generated/go/pkg/item/item.messages.pb.go:266.2,266.10 1 0
gitlab.com/pietroski-software-company/devex/golang/serializer/internal/generated/go/pkg/item/item.messages.pb.go:269.41,270.14 1 0
gitlab.com/pietroski-software-company/devex/golang/serializer/internal/generated/go/pkg/item/item.messages.pb.go:270.14,272.3 1 0
gitlab.com/pietroski-software-company/devex/golang/serializer/internal/generated/go/pkg/item/item.messages.pb.go:273.2,273.10 1 0
gitlab.com/pietroski-software-company/devex/golang/serializer/internal/generated/go/pkg/item/item.messages.pb.go:276.52,277.14 1 0
gitlab.com/pietroski-software-company/devex/golang/serializer/internal/generated/go/pkg/item/item.messages.pb.go:277.14,279.3 1 0
gitlab.com/pietroski-software-company/devex/golang/serializer/internal/generated/go/pkg/item/item.messages.pb.go:280.2,280.12 1 0
gitlab.com/pietroski-software-company/devex/golang/serializer/internal/generated/go/pkg/item/item.messages.pb.go:297.33,302.2 4 0
gitlab.com/pietroski-software-company/devex/golang/serializer/internal/generated/go/pkg/item/item.messages.pb.go:304.41,306.2 1 0
gitlab.com/pietroski-software-company/devex/golang/serializer/internal/generated/go/pkg/item/item.messages.pb.go:308.39,308.40 0 0
gitlab.com/pietroski-software-company/devex/golang/serializer/internal/generated/go/pkg/item/item.messages.pb.go:310.61,312.14 2 0
gitlab.com/pietroski-software-company/devex/golang/serializer/internal/generated/go/pkg/item/item.messages.pb.go:312.14,314.34 2 0
gitlab.com/pietroski-software-company/devex/golang/serializer/internal/generated/go/pkg/item/item.messages.pb.go:314.34,316.4 1 0
gitlab.com/pietroski-software-company/devex/golang/serializer/internal/generated/go/pkg/item/item.messages.pb.go:317.3,317.12 1 0
gitlab.com/pietroski-software-company/devex/golang/serializer/internal/generated/go/pkg/item/item.messages.pb.go:319.2,319.24 1 0
gitlab.com/pietroski-software-company/devex/golang/serializer/internal/generated/go/pkg/item/item.messages.pb.go:323.52,325.2 1 0
gitlab.com/pietroski-software-company/devex/golang/serializer/internal/generated/go/pkg/item/item.messages.pb.go:327.48,328.14 1 0
gitlab.com/pietroski-software-company/devex/golang/serializer/internal/generated/go/pkg/item/item.messages.pb.go:328.14,330.3 1 0
gitlab.com/pietroski-software-company/devex/golang/serializer/internal/generated/go/pkg/item/item.messages.pb.go:331.2,331.12 1 0
gitlab.com/pietroski-software-company/devex/golang/serializer/internal/generated/go/pkg/item/item.messages.pb.go:334.50,335.14 1 0
gitlab.com/pietroski-software-company/devex/golang/serializer/internal/generated/go/pkg/item/item.messages.pb.go:335.14,337.3 1 0
gitlab.com/pietroski-software-company/devex/golang/serializer/internal/generated/go/pkg/item/item.messages.pb.go:338.2,338.12 1 0
gitlab.com/pietroski-software-company/devex/golang/serializer/internal/generated/go/pkg/item/item.messages.pb.go:341.50,342.14 1 0
gitlab.com/pietroski-software-company/devex/golang/serializer/internal/generated/go/pkg/item/item.messages.pb.go:342.14,344.3 1 0
gitlab.com/pietroski-software-company/devex/golang/serializer/internal/generated/go/pkg/item/item.messages.pb.go:345.2,345.12 1 0
gitlab.com/pietroski-software-company/devex/golang/serializer/internal/generated/go/pkg/item/item.messages.pb.go:348.54,349.14 1 0
gitlab.com/pietroski-software-company/devex/golang/serializer/internal/generated/go/pkg/item/item.messages.pb.go:349.14,351.3 1 0
gitlab.com/pietroski-software-company/devex/golang/serializer/internal/generated/go/pkg/item/item.messages.pb.go:352.2,352.12 1 0
gitlab.com/pietroski-software-company/devex/golang/serializer/internal/generated/go/pkg/item/item.messages.pb.go:355.57,356.14 1 0
gitlab.com/pietroski-software-company/devex/golang/serializer/internal/generated/go/pkg/item/item.messages.pb.go:356.14,358.3 1 0
gitlab.com/pietroski-software-company/devex/golang/serializer/internal/generated/go/pkg/item/item.messages.pb.go:359.2,359.12 1 0
gitlab.com/pietroski-software-company/devex/golang/serializer/internal/generated/go/pkg/item/item.messages.pb.go:362.57,363.14 1 0
gitlab.com/pietroski-software-company/devex/golang/serializer/internal/generated/go/pkg/item/item.messages.pb.go:363.14,365.3 1 0
gitlab.com/pietroski-software-company/devex/golang/serializer/internal/generated/go/pkg/item/item.messages.pb.go:366.2,366.12 1 0
gitlab.com/pietroski-software-company/devex/golang/serializer/internal/generated/go/pkg/item/item.messages.pb.go:369.47,370.14 1 0
gitlab.com/pietroski-software-company/devex/golang/serializer/internal/generated/go/pkg/item/item.messages.pb.go:370.14,372.3 1 0
gitlab.com/pietroski-software-company/devex/golang/serializer/internal/generated/go/pkg/item/item.messages.pb.go:373.2,373.12 1 0
gitlab.com/pietroski-software-company/devex/golang/serializer/internal/generated/go/pkg/item/item.messages.pb.go:386.29,391.2 4 0
gitlab.com/pietroski-software-company/devex/golang/serializer/internal/generated/go/pkg/item/item.messages.pb.go:393.37,395.2 1 0
gitlab.com/pietroski-software-company/devex/golang/serializer/internal/generated/go/pkg/item/item.messages.pb.go:397.35,397.36 0 0
gitlab.com/pietroski-software-company/devex/golang/serializer/internal/generated/go/pkg/item/item.messages.pb.go:399.57,401.14 2 0
gitlab.com/pietroski-software-company/devex/golang/serializer/internal/generated/go/pkg/item/item.messages.pb.go:401.14,403.34 2 0
gitlab.com/pietroski-software-company/devex/golang/serializer/internal/generated/go/pkg/item/item.messages.pb.go:403.34,405.4 1 0
gitlab.com/pietroski-software-company/devex/golang/serializer/internal/generated/go/pkg/item/item.messages.pb.go:406.3,406.12 1 0
gitlab.com/pietroski-software-company/devex/golang/serializer/internal/generated/go/pkg/item/item.messages.pb.go:408.2,408.24 1 0
gitlab.com/pietroski-software-company/devex/golang/serializer/internal/generated/go/pkg/item/item.messages.pb.go:412.48,414.2 1 0
gitlab.com/pietroski-software-company/devex/golang/serializer/internal/generated/go/pkg/item/item.messages.pb.go:416.36,417.14 1 0
gitlab.com/pietroski-software-company/devex/golang/serializer/internal/generated/go/pkg/item/item.messages.pb.go:417.14,419.3 1 0
gitlab.com/pietroski-software-company/devex/golang/serializer/internal/generated/go/pkg/item/item.messages.pb.go:420.2,420.10 1 0
gitlab.com/pietroski-software-company/devex/golang/serializer/internal/generated/go/pkg/item/item.messages.pb.go:423.37,424.14 1 0
gitlab.com/pietroski-software-company/devex/golang/serializer/internal/generated/go/pkg/item/item.messages.pb.go:424.14,426.3 1 0
gitlab.com/pietroski-software-company/devex/golang/serializer/internal/generated/go/pkg/item/item.messages.pb.go:427.2,427.11 1 0
gitlab.com/pietroski-software-company/devex/golang/serializer/internal/generated/go/pkg/item/item.messages.pb.go:430.36,431.14 1 0
gitlab.com/pietroski-software-company/devex/golang/serializer/internal/generated/go/pkg/item/item.messages.pb.go:431.14,433.3 1 0
gitlab.com/pietroski-software-company/devex/golang/serializer/internal/generated/go/pkg/item/item.messages.pb.go:434.2,434.14 1 0
gitlab.com/pietroski-software-company/devex/golang/serializer/internal/generated/go/pkg/item/item.messages.pb.go:446.31,451.2 4 0
gitlab.com/pietroski-software-company/devex/golang/serializer/internal/generated/go/pkg/item/item.messages.pb.go:453.39,455.2 1 0
gitlab.com/pietroski-software-company/devex/golang/serializer/internal/generated/go/pkg/item/item.messages.pb.go:457.37,457.38 0 0
gitlab.com/pietroski-software-company/devex/golang/serializer/internal/generated/go/pkg/item/item.messages.pb.go:459.59,461.14 2 0
gitlab.com/pietroski-software-company/devex/golang/serializer/internal/generated/go/pkg/item/item.messages.pb.go:461.14,463.34 2 0
gitlab.com/pietroski-software-company/devex/golang/serializer/internal/generated/go/pkg/item/item.messages.pb.go:463.34,465.4 1 0
gitlab.com/pietroski-software-company/devex/golang/serializer/internal/generated/go/pkg/item/item.messages.pb.go:466.3,466.12 1 0
gitlab.com/pietroski-software-company/devex/golang/serializer/internal/generated/go/pkg/item/item.messages.pb.go:468.2,468.24 1 0
gitlab.com/pietroski-software-company/devex/golang/serializer/internal/generated/go/pkg/item/item.messages.pb.go:472.50,474.2 1 0
gitlab.com/pietroski-software-company/devex/golang/serializer/internal/generated/go/pkg/item/item.messages.pb.go:476.66,477.14 1 0
gitlab.com/pietroski-software-company/devex/golang/serializer/internal/generated/go/pkg/item/item.messages.pb.go:477.14,479.3 1 0
gitlab.com/pietroski-software-company/devex/golang/serializer/internal/generated/go/pkg/item/item.messages.pb.go:480.2,480.12 1 0
gitlab.com/pietroski-software-company/devex/golang/serializer/internal/generated/go/pkg/item/item.messages.pb.go:483.64,484.14 1 0
gitlab.com/pietroski-software-company/devex/golang/serializer/internal/generated/go/pkg/item/item.messages.pb.go:484.14,486.3 1 0
gitlab.com/pietroski-software-company/devex/golang/serializer/internal/generated/go/pkg/item/item.messages.pb.go:487.2,487.12 1 0
gitlab.com/pietroski-software-company/devex/golang/serializer/internal/generated/go/pkg/item/item.messages.pb.go:498.38,503.2 4 0
gitlab.com/pietroski-software-company/devex/golang/serializer/internal/generated/go/pkg/item/item.messages.pb.go:505.46,507.2 1 0
gitlab.com/pietroski-software-company/devex/golang/serializer/internal/generated/go/pkg/item/item.messages.pb.go:509.44,509.45 0 0
gitlab.com/pietroski-software-company/devex/golang/serializer/internal/generated/go/pkg/item/item.messages.pb.go:511.66,513.14 2 0
gitlab.com/pietroski-software-company/devex/golang/serializer/internal/generated/go/pkg/item/item.messages.pb.go:513.14,515.34 2 0
gitlab.com/pietroski-software-company/devex/golang/serializer/internal/generated/go/pkg/item/item.messages.pb.go:515.34,517.4 1 0
gitlab.com/pietroski-software-company/devex/golang/serializer/internal/generated/go/pkg/item/item.messages.pb.go:518.3,518.12 1 0
gitlab.com/pietroski-software-company/devex/golang/serializer/internal/generated/go/pkg/item/item.messages.pb.go:520.2,520.24 1 0
gitlab.com/pietroski-software-company/devex/golang/serializer/internal/generated/go/pkg/item/item.messages.pb.go:524.57,526.2 1 0
gitlab.com/pietroski-software-company/devex/golang/serializer/internal/generated/go/pkg/item/item.messages.pb.go:528.53,529.14 1 0
gitlab.com/pietroski-software-company/devex/golang/serializer/internal/generated/go/pkg/item/item.messages.pb.go:529.14,531.3 1 0
gitlab.com/pietroski-software-company/devex/golang/serializer/internal/generated/go/pkg/item/item.messages.pb.go:532.2,532.12 1 0
gitlab.com/pietroski-software-company/devex/golang/serializer/internal/generated/go/pkg/item/item.messages.pb.go:543.38,548.2 4 0
gitlab.com/pietroski-software-company/devex/golang/serializer/internal/generated/go/pkg/item/item.messages.pb.go:550.46,552.2 1 0
gitlab.com/pietroski-software-company/devex/golang/serializer/internal/generated/go/pkg/item/item.messages.pb.go:554.44,554.45 0 0
gitlab.com/pietroski-software-company/devex/golang/serializer/internal/generated/go/pkg/item/item.messages.pb.go:556.66,558.14 2 0
gitlab.com/pietroski-software-company/devex/golang/serializer/internal/generated/go/pkg/item/item.messages.pb.go:558.14,560.34 2 0
gitlab.com/pietroski-software-company/devex/golang/serializer/internal/generated/go/pkg/item/item.messages.pb.go:560.34,562.4 1 0
gitlab.com/pietroski-software-company/devex/golang/serializer/internal/generated/go/pkg/item/item.messages.pb.go:563.3,563.12 1 0
gitlab.com/pietroski-software-company/devex/golang/serializer/internal/generated/go/pkg/item/item.messages.pb.go:565.2,565.24 1 0
gitlab.com/pietroski-software-company/devex/golang/serializer/internal/generated/go/pkg/item/item.messages.pb.go:569.57,571.2 1 0
gitlab.com/pietroski-software-company/devex/golang/serializer/internal/generated/go/pkg/item/item.messages.pb.go:573.53,574.14 1 0
gitlab.com/pietroski-software-company/devex/golang/serializer/internal/generated/go/pkg/item/item.messages.pb.go:574.14,576.3 1 0
gitlab.com/pietroski-software-company/devex/golang/serializer/internal/generated/go/pkg/item/item.messages.pb.go:577.2,577.12 1 0
gitlab.com/pietroski-software-company/devex/golang/serializer/internal/generated/go/pkg/item/item.messages.pb.go:588.39,593.2 4 0
gitlab.com/pietroski-software-company/devex/golang/serializer/internal/generated/go/pkg/item/item.messages.pb.go:595.47,597.2 1 0
gitlab.com/pietroski-software-company/devex/golang/serializer/internal/generated/go/pkg/item/item.messages.pb.go:599.45,599.46 0 0
gitlab.com/pietroski-software-company/devex/golang/serializer/internal/generated/go/pkg/item/item.messages.pb.go:601.67,603.14 2 0
gitlab.com/pietroski-software-company/devex/golang/serializer/internal/generated/go/pkg/item/item.messages.pb.go:603.14,605.34 2 0
gitlab.com/pietroski-software-company/devex/golang/serializer/internal/generated/go/pkg/item/item.messages.pb.go:605.34,607.4 1 0
gitlab.com/pietroski-software-company/devex/golang/serializer/internal/generated/go/pkg/item/item.messages.pb.go:608.3,608.12 1 0
gitlab.com/pietroski-software-company/devex/golang/serializer/internal/generated/go/pkg/item/item.messages.pb.go:610.2,610.24 1 0
gitlab.com/pietroski-software-company/devex/golang/serializer/internal/generated/go/pkg/item/item.messages.pb.go:614.58,616.2 1 0
gitlab.com/pietroski-software-company/devex/golang/serializer/internal/generated/go/pkg/item/item.messages.pb.go:618.56,619.14 1 0
gitlab.com/pietroski-software-company/devex/golang/serializer/internal/generated/go/pkg/item/item.messages.pb.go:619.14,621.3 1 0
gitlab.com/pietroski-software-company/devex/golang/serializer/internal/generated/go/pkg/item/item.messages.pb.go:622.2,622.12 1 0
gitlab.com/pietroski-software-company/devex/golang/serializer/internal/generated/go/pkg/item/item.messages.pb.go:633.39,638.2 4 0
gitlab.com/pietroski-software-company/devex/golang/serializer/internal/generated/go/pkg/item/item.messages.pb.go:640.47,642.2 1 0
gitlab.com/pietroski-software-company/devex/golang/serializer/internal/generated/go/pkg/item/item.messages.pb.go:644.45,644.46 0 0
gitlab.com/pietroski-software-company/devex/golang/serializer/internal/generated/go/pkg/item/item.messages.pb.go:646.67,648.14 2 0
gitlab.com/pietroski-software-company/devex/golang/serializer/internal/generated/go/pkg/item/item.messages.pb.go:648.14,650.34 2 0
gitlab.com/pietroski-software-company/devex/golang/serializer/internal/generated/go/pkg/item/item.messages.pb.go:650.34,652.4 1 0
gitlab.com/pietroski-software-company/devex/golang/serializer/internal/generated/go/pkg/item/item.messages.pb.go:653.3,653.12 1 0
gitlab.com/pietroski-software-company/devex/golang/serializer/internal/generated/go/pkg/item/item.messages.pb.go:655.2,655.24 1 0
gitlab.com/pietroski-software-company/devex/golang/serializer/internal/generated/go/pkg/item/item.messages.pb.go:659.58,661.2 1 0
gitlab.com/pietroski-software-company/devex/golang/serializer/internal/generated/go/pkg/item/item.messages.pb.go:663.56,664.14 1 0
gitlab.com/pietroski-software-company/devex/golang/serializer/internal/generated/go/pkg/item/item.messages.pb.go:664.14,666.3 1 0
gitlab.com/pietroski-software-company/devex/golang/serializer/internal/generated/go/pkg/item/item.messages.pb.go:667.2,667.12 1 0
gitlab.com/pietroski-software-company/devex/golang/serializer/internal/generated/go/pkg/item/item.messages.pb.go:678.40,683.2 4 0
gitlab.com/pietroski-software-company/devex/golang/serializer/internal/generated/go/pkg/item/item.messages.pb.go:685.48,687.2 1 0
gitlab.com/pietroski-software-company/devex/golang/serializer/internal/generated/go/pkg/item/item.messages.pb.go:689.46,689.47 0 0
gitlab.com/pietroski-software-company/devex/golang/serializer/internal/generated/go/pkg/item/item.messages.pb.go:691.68,693.14 2 0
gitlab.com/pietroski-software-company/devex/golang/serializer/internal/generated/go/pkg/item/item.messages.pb.go:693.14,695.34 2 0
gitlab.com/pietroski-software-company/devex/golang/serializer/internal/generated/go/pkg/item/item.messages.pb.go:695.34,697.4 1 0
gitlab.com/pietroski-software-company/devex/golang/serializer/internal/generated/go/pkg/item/item.messages.pb.go:698.3,698.12 1 0
gitlab.com/pietroski-software-company/devex/golang/serializer/internal/generated/go/pkg/item/item.messages.pb.go:700.2,700.24 1 0
gitlab.com/pietroski-software-company/devex/golang/serializer/internal/generated/go/pkg/item/item.messages.pb.go:704.59,706.2 1 0
gitlab.com/pietroski-software-company/devex/golang/serializer/internal/generated/go/pkg/item/item.messages.pb.go:708.59,709.14 1 0
gitlab.com/pietroski-software-company/devex/golang/serializer/internal/generated/go/pkg/item/item.messages.pb.go:709.14,711.3 1 0
gitlab.com/pietroski-software-company/devex/golang/serializer/internal/generated/go/pkg/item/item.messages.pb.go:712.2,712.12 1 0
gitlab.com/pietroski-software-company/devex/golang/serializer/internal/generated/go/pkg/item/item.messages.pb.go:723.40,728.2 4 0
gitlab.com/pietroski-software-company/devex/golang/serializer/internal/generated/go/pkg/item/item.messages.pb.go:730.48,732.2 1 0
gitlab.com/pietroski-software-company/devex/golang/serializer/internal/generated/go/pkg/item/item.messages.pb.go:734.46,734.47 0 0
gitlab.com/pietroski-software-company/devex/golang/serializer/internal/generated/go/pkg/item/item.messages.pb.go:736.68,738.14 2 0
gitlab.com/pietroski-software-company/devex/golang/serializer/internal/generated/go/pkg/item/item.messages.pb.go:738.14,740.34 2 0
gitlab.com/pietroski-software-company/devex/golang/serializer/internal/generated/go/pkg/item/item.messages.pb.go:740.34,742.4 1 0
gitlab.com/pietroski-software-company/devex/golang/serializer/internal/generated/go/pkg/item/item.messages.pb.go:743.3,743.12 1 0
gitlab.com/pietroski-software-company/devex/golang/serializer/internal/generated/go/pkg/item/item.messages.pb.go:745.2,745.24 1 0
gitlab.com/pietroski-software-company/devex/golang/serializer/internal/generated/go/pkg/item/item.messages.pb.go:749.59,751.2 1 0
gitlab.com/pietroski-software-company/devex/golang/serializer/internal/generated/go/pkg/item/item.messages.pb.go:753.59,754.14 1 0
gitlab.com/pietroski-software-company/devex/golang/serializer/internal/generated/go/pkg/item/item.messages.pb.go:754.14,756.3 1 0
gitlab.com/pietroski-software-company/devex/golang/serializer/internal/generated/go/pkg/item/item.messages.pb.go:757.2,757.12 1 0
gitlab.com/pietroski-software-company/devex/golang/serializer/internal/generated/go/pkg/item/item.messages.pb.go:768.37,773.2 4 0
gitlab.com/pietroski-software-company/devex/golang/serializer/internal/generated/go/pkg/item/item.messages.pb.go:775.45,777.2 1 0
gitlab.com/pietroski-software-company/devex/golang/serializer/internal/generated/go/pkg/item/item.messages.pb.go:779.43,779.44 0 0
gitlab.com/pietroski-software-company/devex/golang/serializer/internal/generated/go/pkg/item/item.messages.pb.go:781.65,783.14 2 0
gitlab.com/pietroski-software-company/devex/golang/serializer/internal/generated/go/pkg/item/item.messages.pb.go:783.14,785.34 2 0
gitlab.com/pietroski-software-company/devex/golang/serializer/internal/generated/go/pkg/item/item.messages.pb.go:785.34,787.4 1 0
gitlab.com/pietroski-software-company/devex/golang/serializer/internal/generated/go/pkg/item/item.messages.pb.go:788.3,788.12 1 0
gitlab.com/pietroski-software-company/devex/golang/serializer/internal/generated/go/pkg/item/item.messages.pb.go:790.2,790.24 1 0
gitlab.com/pietroski-software-company/devex/golang/serializer/internal/generated/go/pkg/item/item.messages.pb.go:794.56,796.2 1 0
gitlab.com/pietroski-software-company/devex/golang/serializer/internal/generated/go/pkg/item/item.messages.pb.go:798.50,799.14 1 0
gitlab.com/pietroski-software-company/devex/golang/serializer/internal/generated/go/pkg/item/item.messages.pb.go:799.14,801.3 1 0
gitlab.com/pietroski-software-company/devex/golang/serializer/internal/generated/go/pkg/item/item.messages.pb.go:802.2,802.12 1 0
gitlab.com/pietroski-software-company/devex/golang/serializer/internal/generated/go/pkg/item/item.messages.pb.go:813.41,818.2 4 0
gitlab.com/pietroski-software-company/devex/golang/serializer/internal/generated/go/pkg/item/item.messages.pb.go:820.49,822.2 1 0
gitlab.com/pietroski-software-company/devex/golang/serializer/internal/generated/go/pkg/item/item.messages.pb.go:824.47,824.48 0 0
gitlab.com/pietroski-software-company/devex/golang/serializer/internal/generated/go/pkg/item/item.messages.pb.go:826.69,828.14 2 0
gitlab.com/pietroski-software-company/devex/golang/serializer/internal/generated/go/pkg/item/item.messages.pb.go:828.14,830.34 2 0
gitlab.com/pietroski-software-company/devex/golang/serializer/internal/generated/go/pkg/item/item.messages.pb.go:830.34,832.4 1 0
gitlab.com/pietroski-software-company/devex/golang/serializer/internal/generated/go/pkg/item/item.messages.pb.go:833.3,833.12 1 0
gitlab.com/pietroski-software-company/devex/golang/serializer/internal/generated/go/pkg/item/item.messages.pb.go:835.2,835.24 1 0
gitlab.com/pietroski-software-company/devex/golang/serializer/internal/generated/go/pkg/item/item.messages.pb.go:839.60,841.2 1 0
gitlab.com/pietroski-software-company/devex/golang/serializer/internal/generated/go/pkg/item/item.messages.pb.go:843.60,844.14 1 0
gitlab.com/pietroski-software-company/devex/golang/serializer/internal/generated/go/pkg/item/item.messages.pb.go:844.14,846.3 1 0
gitlab.com/pietroski-software-company/devex/golang/serializer/internal/generated/go/pkg/item/item.messages.pb.go:847.2,847.12 1 0
gitlab.com/pietroski-software-company/devex/golang/serializer/internal/generated/go/pkg/item/item.messages.pb.go:858.39,863.2 4 0
gitlab.com/pietroski-software-company/devex/golang/serializer/internal/generated/go/pkg/item/item.messages.pb.go:865.47,867.2 1 0
gitlab.com/pietroski-software-company/devex/golang/serializer/internal/generated/go/pkg/item/item.messages.pb.go:869.45,869.46 0 0
gitlab.com/pietroski-software-company/devex/golang/serializer/internal/generated/go/pkg/item/item.messages.pb.go:871.67,873.14 2 0
gitlab.com/pietroski-software-company/devex/golang/serializer/internal/generated/go/pkg/item/item.messages.pb.go:873.14,875.34 2 0
gitlab.com/pietroski-software-company/devex/golang/serializer/internal/generated/go/pkg/item/item.messages.pb.go:875.34,877.4 1 0
gitlab.com/pietroski-software-company/devex/golang/serializer/internal/generated/go/pkg/item/item.messages.pb.go:878.3,878.12 1 0
gitlab.com/pietroski-software-company/devex/golang/serializer/internal/generated/go/pkg/item/item.messages.pb.go:880.2,880.24 1 0
gitlab.com/pietroski-software-company/devex/golang/serializer/internal/generated/go/pkg/item/item.messages.pb.go:884.58,886.2 1 0
gitlab.com/pietroski-software-company/devex/golang/serializer/internal/generated/go/pkg/item/item.messages.pb.go:888.56,889.14 1 0
gitlab.com/pietroski-software-company/devex/golang/serializer/internal/generated/go/pkg/item/item.messages.pb.go:889.14,891.3 1 0
gitlab.com/pietroski-software-company/devex/golang/serializer/internal/generated/go/pkg/item/item.messages.pb.go:892.2,892.12 1 0
gitlab.com/pietroski-software-company/devex/golang/serializer/internal/generated/go/pkg/item/item.messages.pb.go:903.39,908.2 4 0
gitlab.com/pietroski-software-company/devex/golang/serializer/internal/generated/go/pkg/item/item.messages.pb.go:910.47,912.2 1 0
gitlab.com/pietroski-software-company/devex/golang/serializer/internal/generated/go/pkg/item/item.messages.pb.go:914.45,914.46 0 0
gitlab.com/pietroski-software-company/devex/golang/serializer/internal/generated/go/pkg/item/item.messages.pb.go:916.67,918.14 2 0
gitlab.com/pietroski-software-company/devex/golang/serializer/internal/generated/go/pkg/item/item.messages.pb.go:918.14,920.34 2 0
gitlab.com/pietroski-software-company/devex/golang/serializer/internal/generated/go/pkg/item/item.messages.pb.go:920.34,922.4 1 0
gitlab.com/pietroski-software-company/devex/golang/serializer/internal/generated/go/pkg/item/item.messages.pb.go:923.3,923.12 1 0
gitlab.com/pietroski-software-company/devex/golang/serializer/internal/generated/go/pkg/item/item.messages.pb.go:925.2,925.24 1 0
gitlab.com/pietroski-software-company/devex/golang/serializer/internal/generated/go/pkg/item/item.messages.pb.go:929.58,931.2 1 0
gitlab.com/pietroski-software-company/devex/golang/serializer/internal/generated/go/pkg/item/item.messages.pb.go:933.65,934.14 1 0
gitlab.com/pietroski-software-company/devex/golang/serializer/internal/generated/go/pkg/item/item.messages.pb.go:934.14,936.3 1 0
gitlab.com/pietroski-software-company/devex/golang/serializer/internal/generated/go/pkg/item/item.messages.pb.go:937.2,937.12 1 0
gitlab.com/pietroski-software-company/devex/golang/serializer/internal/generated/go/pkg/item/item.messages.pb.go:950.34,955.2 4 0
gitlab.com/pietroski-software-company/devex/golang/serializer/internal/generated/go/pkg/item/item.messages.pb.go:957.42,959.2 1 0
gitlab.com/pietroski-software-company/devex/golang/serializer/internal/generated/go/pkg/item/item.messages.pb.go:961.40,961.41 0 0
gitlab.com/pietroski-software-company/devex/golang/serializer/internal/generated/go/pkg/item/item.messages.pb.go:963.62,965.14 2 0
gitlab.com/pietroski-software-company/devex/golang/serializer/internal/generated/go/pkg/item/item.messages.pb.go:965.14,967.34 2 0
gitlab.com/pietroski-software-company/devex/golang/serializer/internal/generated/go/pkg/item/item.messages.pb.go:967.34,969.4 1 0
gitlab.com/pietroski-software-company/devex/golang/serializer/internal/generated/go/pkg/item/item.messages.pb.go:970.3,970.12 1 0
gitlab.com/pietroski-software-company/devex/golang/serializer/internal/generated/go/pkg/item/item.messages.pb.go:972.2,972.24 1 0
gitlab.com/pietroski-software-company/devex/golang/serializer/internal/generated/go/pkg/item/item.messages.pb.go:976.53,978.2 1 0
gitlab.com/pietroski-software-company/devex/golang/serializer/internal/generated/go/pkg/item/item.messages.pb.go:980.41,981.14 1 0
gitlab.com/pietroski-software-company/devex/golang/serializer/internal/generated/go/pkg/item/item.messages.pb.go:981.14,983.3 1 0
gitlab.com/pietroski-software-company/devex/golang/serializer/internal/generated/go/pkg/item/item.messages.pb.go:984.2,984.14 1 0
gitlab.com/pietroski-software-company/devex/golang/serializer/internal/generated/go/pkg/item/item.messages.pb.go:987.42,988.14 1 0
gitlab.com/pietroski-software-company/devex/golang/serializer/internal/generated/go/pkg/item/item.messages.pb.go:988.14,990.3 1 0
gitlab.com/pietroski-software-company/devex/golang/serializer/internal/generated/go/pkg/item/item.messages.pb.go:991.2,991.11 1 0
gitlab.com/pietroski-software-company/devex/golang/serializer/internal/generated/go/pkg/item/item.messages.pb.go:994.43,995.14 1 0
gitlab.com/pietroski-software-company/devex/golang/serializer/internal/generated/go/pkg/item/item.messages.pb.go:995.14,997.3 1 0
gitlab.com/pietroski-software-company/devex/golang/serializer/internal/generated/go/pkg/item/item.messages.pb.go:998.2,998.10 1 0
gitlab.com/pietroski-software-company/devex/golang/serializer/internal/generated/go/pkg/item/item.messages.pb.go:1009.41,1014.2 4 0
gitlab.com/pietroski-software-company/devex/golang/serializer/internal/generated/go/pkg/item/item.messages.pb.go:1016.49,1018.2 1 0
gitlab.com/pietroski-software-company/devex/golang/serializer/internal/generated/go/pkg/item/item.messages.pb.go:1020.47,1020.48 0 0
gitlab.com/pietroski-software-company/devex/golang/serializer/internal/generated/go/pkg/item/item.messages.pb.go:1022.69,1024.14 2 0
gitlab.com/pietroski-software-company/devex/golang/serializer/internal/generated/go/pkg/item/item.messages.pb.go:1024.14,1026.34 2 0
gitlab.com/pietroski-software-company/devex/golang/serializer/internal/generated/go/pkg/item/item.messages.pb.go:1026.34,1028.4 1 0
gitlab.com/pietroski-software-company/devex/golang/serializer/internal/generated/go/pkg/item/item.messages.pb.go:1029.3,1029.12 1 0
gitlab.com/pietroski-software-company/devex/golang/serializer/internal/generated/go/pkg/item/item.messages.pb.go:1031.2,1031.24 1 0
gitlab.com/pietroski-software-company/devex/golang/serializer/internal/generated/go/pkg/item/item.messages.pb.go:1035.60,1037.2 1 0
gitlab.com/pietroski-software-company/devex/golang/serializer/internal/generated/go/pkg/item/item.messages.pb.go:1039.68,1040.14 1 0
gitlab.com/pietroski-software-company/devex/golang/serializer/internal/generated/go/pkg/item/item.messages.pb.go:1040.14,1042.3 1 0
gitlab.com/pietroski-software-company/devex/golang/serializer/internal/generated/go/pkg/item/item.messages.pb.go:1043.2,1043.12 1 0
gitlab.com/pietroski-software-company/devex/golang/serializer/internal/generated/go/pkg/item/item.messages.pb.go:1054.43,1059.2 4 0
gitlab.com/pietroski-software-company/devex/golang/serializer/internal/generated/go/pkg/item/item.messages.pb.go:1061.51,1063.2 1 0
gitlab.com/pietroski-software-company/devex/golang/serializer/internal/generated/go/pkg/item/item.messages.pb.go:1065.49,1065.50 0 0
gitlab.com/pietroski-software-company/devex/golang/serializer/internal/generated/go/pkg/item/item.messages.pb.go:1067.71,1069.14 2 0
gitlab.com/pietroski-software-company/devex/golang/serializer/internal/generated/go/pkg/item/item.messages.pb.go:1069.14,1071.34 2 0
gitlab.com/pietroski-software-company/devex/golang/serializer/internal/generated/go/pkg/item/item.messages.pb.go:1071.34,1073.4 1 0
gitlab.com/pietroski-software-company/devex/golang/serializer/internal/generated/go/pkg/item/item.messages.pb.go:1074.3,1074.12 1 0
gitlab.com/pietroski-software-company/devex/golang/serializer/internal/generated/go/pkg/item/item.messages.pb.go:1076.2,1076.24 1 0
gitlab.com/pietroski-software-company/devex/golang/serializer/internal/generated/go/pkg/item/item.messages.pb.go:1080.62,1082.2 1 0
gitlab.com/pietroski-software-company/devex/golang/serializer/internal/generated/go/pkg/item/item.messages.pb.go:1084.74,1085.14 1 0
gitlab.com/pietroski-software-company/devex/golang/serializer/internal/generated/go/pkg/item/item.messages.pb.go:1085.14,1087.3 1 0
gitlab.com/pietroski-software-company/devex/golang/serializer/internal/generated/go/pkg/item/item.messages.pb.go:1088.2,1088.12 1 0
gitlab.com/pietroski-software-company/devex/golang/serializer/internal/generated/go/pkg/item/item.messages.pb.go:1099.49,1104.2 4 0
gitlab.com/pietroski-software-company/devex/golang/serializer/internal/generated/go/pkg/item/item.messages.pb.go:1106.57,1108.2 1 0
gitlab.com/pietroski-software-company/devex/golang/serializer/internal/generated/go/pkg/item/item.messages.pb.go:1110.55,1110.56 0 0
gitlab.com/pietroski-software-company/devex/golang/serializer/internal/generated/go/pkg/item/item.messages.pb.go:1112.77,1114.14 2 0
gitlab.com/pietroski-software-company/devex/golang/serializer/internal/generated/go/pkg/item/item.messages.pb.go:1114.14,1116.34 2 0
gitlab.com/pietroski-software-company/devex/golang/serializer/internal/generated/go/pkg/item/item.messages.pb.go:1116.34,1118.4 1 0
gitlab.com/pietroski-software-company/devex/golang/serializer/internal/generated/go/pkg/item/item.messages.pb.go:1119.3,1119.12 1 0
gitlab.com/pietroski-software-company/devex/golang/serializer/internal/generated/go/pkg/item/item.messages.pb.go:1121.2,1121.24 1 0
gitlab.com/pietroski-software-company/devex/golang/serializer/internal/generated/go/pkg/item/item.messages.pb.go:1125.68,1127.2 1 0
gitlab.com/pietroski-software-company/devex/golang/serializer/internal/generated/go/pkg/item/item.messages.pb.go:1129.102,1130.14 1 0
gitlab.com/pietroski-software-company/devex/golang/serializer/internal/generated/go/pkg/item/item.messages.pb.go:1130.14,1132.3 1 0
gitlab.com/pietroski-software-company/devex/golang/serializer/internal/generated/go/pkg/item/item.messages.pb.go:1133.2,1133.12 1 0
gitlab.com/pietroski-software-company/devex/golang/serializer/internal/generated/go/pkg/item/item.messages.pb.go:1144.50,1149.2 4 0
gitlab.com/pietroski-software-company/devex/golang/serializer/internal/generated/go/pkg/item/item.messages.pb.go:1151.58,1153.2 1 0
gitlab.com/pietroski-software-company/devex/golang/serializer/internal/generated/go/pkg/item/item.messages.pb.go:1155.56,1155.57 0 0
gitlab.com/pietroski-software-company/devex/golang/serializer/internal/generated/go/pkg/item/item.messages.pb.go:1157.78,1159.14 2 0
gitlab.com/pietroski-software-company/devex/golang/serializer/internal/generated/go/pkg/item/item.messages.pb.go:1159.14,1161.34 2 0
gitlab.com/pietroski-software-company/devex/golang/serializer/internal/generated/go/pkg/item/item.messages.pb.go:1161.34,1163.4 1 0
gitlab.com/pietroski-software-company/devex/golang/serializer/internal/generated/go/pkg/item/item.messages.pb.go:1164.3,1164.12 1 0
gitlab.com/pietroski-software-company/devex/golang/serializer/internal/generated/go/pkg/item/item.messages.pb.go:1166.2,1166.24 1 0
gitlab.com/pietroski-software-company/devex/golang/serializer/internal/generated/go/pkg/item/item.messages.pb.go:1170.69,1172.2 1 0
gitlab.com/pietroski-software-company/devex/golang/serializer/internal/generated/go/pkg/item/item.messages.pb.go:1174.105,1175.14 1 0
gitlab.com/pietroski-software-company/devex/golang/serializer/internal/generated/go/pkg/item/item.messages.pb.go:1175.14,1177.3 1 0
gitlab.com/pietroski-software-company/devex/golang/serializer/internal/generated/go/pkg/item/item.messages.pb.go:1178.2,1178.12 1 0
gitlab.com/pietroski-software-company/devex/golang/serializer/internal/generated/go/pkg/item/item.messages.pb.go:1198.51,1203.2 4 0
gitlab.com/pietroski-software-company/devex/golang/serializer/internal/generated/go/pkg/item/item.messages.pb.go:1205.59,1207.2 1 0
gitlab.com/pietroski-software-company/devex/golang/serializer/internal/generated/go/pkg/item/item.messages.pb.go:1209.57,1209.58 0 0
gitlab.com/pietroski-software-company/devex/golang/serializer/internal/generated/go/pkg/item/item.messages.pb.go:1211.79,1213.14 2 0
gitlab.com/pietroski-software-company/devex/golang/serializer/internal/generated/go/pkg/item/item.messages.pb.go:1213.14,1215.34 2 0
gitlab.com/pietroski-software-company/devex/golang/serializer/internal/generated/go/pkg/item/item.messages.pb.go:1215.34,1217.4 1 0
gitlab.com/pietroski-software-company/devex/golang/serializer/internal/generated/go/pkg/item/item.messages.pb.go:1218.3,1218.12 1 0
gitlab.com/pietroski-software-company/devex/golang/serializer/internal/generated/go/pkg/item/item.messages.pb.go:1220.2,1220.24 1 0
gitlab.com/pietroski-software-company/devex/golang/serializer/internal/generated/go/pkg/item/item.messages.pb.go:1224.70,1226.2 1 0
gitlab.com/pietroski-software-company/devex/golang/serializer/internal/generated/go/pkg/item/item.messages.pb.go:1228.58,1229.14 1 0
gitlab.com/pietroski-software-company/devex/golang/serializer/internal/generated/go/pkg/item/item.messages.pb.go:1229.14,1231.3 1 0
gitlab.com/pietroski-software-company/devex/golang/serializer/internal/generated/go/pkg/item/item.messages.pb.go:1232.2,1232.14 1 0
gitlab.com/pietroski-software-company/devex/golang/serializer/internal/generated/go/pkg/item/item.messages.pb.go:1235.59,1236.14 1 0
gitlab.com/pietroski-software-company/devex/golang/serializer/internal/generated/go/pkg/item/item.messages.pb.go:1236.14,1238.3 1 0
gitlab.com/pietroski-software-company/devex/golang/serializer/internal/generated/go/pkg/item/item.messages.pb.go:1239.2,1239.11 1 0
gitlab.com/pietroski-software-company/devex/golang/serializer/internal/generated/go/pkg/item/item.messages.pb.go:1242.60,1243.14 1 0
gitlab.com/pietroski-software-company/devex/golang/serializer/internal/generated/go/pkg/item/item.messages.pb.go:1243.14,1245.3 1 0
gitlab.com/pietroski-software-company/devex/golang/serializer/internal/generated/go/pkg/item/item.messages.pb.go:1246.2,1246.10 1 0
gitlab.com/pietroski-software-company/devex/golang/serializer/internal/generated/go/pkg/item/item.messages.pb.go:1249.60,1250.14 1 0
gitlab.com/pietroski-software-company/devex/golang/serializer/internal/generated/go/pkg/item/item.messages.pb.go:1250.14,1252.3 1 0
gitlab.com/pietroski-software-company/devex/golang/serializer/internal/generated/go/pkg/item/item.messages.pb.go:1253.2,1253.10 1 0
gitlab.com/pietroski-software-company/devex/golang/serializer/internal/generated/go/pkg/item/item.messages.pb.go:1256.62,1257.14 1 0
gitlab.com/pietroski-software-company/devex/golang/serializer/internal/generated/go/pkg/item/item.messages.pb.go:1257.14,1259.3 1 0
gitlab.com/pietroski-software-company/devex/golang/serializer/internal/generated/go/pkg/item/item.messages.pb.go:1260.2,1260.10 1 0
gitlab.com/pietroski-software-company/devex/golang/serializer/internal/generated/go/pkg/item/item.messages.pb.go:1263.62,1264.14 1 0
gitlab.com/pietroski-software-company/devex/golang/serializer/internal/generated/go/pkg/item/item.messages.pb.go:1264.14,1266.3 1 0
gitlab.com/pietroski-software-company/devex/golang/serializer/internal/generated/go/pkg/item/item.messages.pb.go:1267.2,1267.10 1 0
gitlab.com/pietroski-software-company/devex/golang/serializer/internal/generated/go/pkg/item/item.messages.pb.go:1270.64,1271.14 1 0
gitlab.com/pietroski-software-company/devex/golang/serializer/internal/generated/go/pkg/item/item.messages.pb.go:1271.14,1273.3 1 0
gitlab.com/pietroski-software-company/devex/golang/serializer/internal/generated/go/pkg/item/item.messages.pb.go:1274.2,1274.10 1 0
gitlab.com/pietroski-software-company/devex/golang/serializer/internal/generated/go/pkg/item/item.messages.pb.go:1277.64,1278.14 1 0
gitlab.com/pietroski-software-company/devex/golang/serializer/internal/generated/go/pkg/item/item.messages.pb.go:1278.14,1280.3 1 0
gitlab.com/pietroski-software-company/devex/golang/serializer/internal/generated/go/pkg/item/item.messages.pb.go:1281.2,1281.10 1 0
gitlab.com/pietroski-software-company/devex/golang/serializer/internal/generated/go/pkg/item/item.messages.pb.go:1284.61,1285.14 1 0
gitlab.com/pietroski-software-company/devex/golang/serializer/internal/generated/go/pkg/item/item.messages.pb.go:1285.14,1287.3 1 0
gitlab.com/pietroski-software-company/devex/golang/serializer/internal/generated/go/pkg/item/item.messages.pb.go:1288.2,1288.12 1 0
gitlab.com/pietroski-software-company/devex/golang/serializer/internal/generated/go/pkg/item/item.messages.pb.go:1291.71,1292.14 1 0
gitlab.com/pietroski-software-company/devex/golang/serializer/internal/generated/go/pkg/item/item.messages.pb.go:1292.14,1294.3 1 0
gitlab.com/pietroski-software-company/devex/golang/serializer/internal/generated/go/pkg/item/item.messages.pb.go:1295.2,1295.12 1 0
gitlab.com/pietroski-software-company/devex/golang/serializer/internal/generated/go/pkg/item/item.messages.pb.go:1306.63,1311.2 4 0
gitlab.com/pietroski-software-company/devex/golang/serializer/internal/generated/go/pkg/item/item.messages.pb.go:1313.71,1315.2 1 0
gitlab.com/pietroski-software-company/devex/golang/serializer/internal/generated/go/pkg/item/item.messages.pb.go:1317.69,1317.70 0 0
gitlab.com/pietroski-software-company/devex/golang/serializer/internal/generated/go/pkg/item/item.messages.pb.go:1319.91,1321.14 2 0
gitlab.com/pietroski-software-company/devex/golang/serializer/internal/generated/go/pkg/item/item.messages.pb.go:1321.14,1323.34 2 0
gitlab.com/pietroski-software-company/devex/golang/serializer/internal/generated/go/pkg/item/item.messages.pb.go:1323.34,1325.4 1 0
gitlab.com/pietroski-software-company/devex/golang/serializer/internal/generated/go/pkg/item/item.messages.pb.go:1326.3,1326.12 1 0
gitlab.com/pietroski-software-company/devex/golang/serializer/internal/generated/go/pkg/item/item.messages.pb.go:1328.2,1328.24 1 0
gitlab.com/pietroski-software-company/devex/golang/serializer/internal/generated/go/pkg/item/item.messages.pb.go:1332.82,1334.2 1 0
gitlab.com/pietroski-software-company/devex/golang/serializer/internal/generated/go/pkg/item/item.messages.pb.go:1336.127,1337.14 1 0
gitlab.com/pietroski-software-company/devex/golang/serializer/internal/generated/go/pkg/item/item.messages.pb.go:1337.14,1339.3 1 0
gitlab.com/pietroski-software-company/devex/golang/serializer/internal/generated/go/pkg/item/item.messages.pb.go:1340.2,1340.12 1 0
gitlab.com/pietroski-software-company/devex/golang/serializer/internal/generated/go/pkg/item/item.messages.pb.go:1355.32,1360.2 4 0
gitlab.com/pietroski-software-company/devex/golang/serializer/internal/generated/go/pkg/item/item.messages.pb.go:1362.40,1364.2 1 0
gitlab.com/pietroski-software-company/devex/golang/serializer/internal/generated/go/pkg/item/item.messages.pb.go:1366.38,1366.39 0 0
gitlab.com/pietroski-software-company/devex/golang/serializer/internal/generated/go/pkg/item/item.messages.pb.go:1368.60,1370.14 2 0
gitlab.com/pietroski-software-company/devex/golang/serializer/internal/generated/go/pkg/item/item.messages.pb.go:1370.14,1372.34 2 0
gitlab.com/pietroski-software-company/devex/golang/serializer/internal/generated/go/pkg/item/item.messages.pb.go:1372.34,1374.4 1 0
gitlab.com/pietroski-software-company/devex/golang/serializer/internal/generated/go/pkg/item/item.messages.pb.go:1375.3,1375.12 1 0
gitlab.com/pietroski-software-company/devex/golang/serializer/internal/generated/go/pkg/item/item.messages.pb.go:1377.2,1377.24 1 0
gitlab.com/pietroski-software-company/devex/golang/serializer/internal/generated/go/pkg/item/item.messages.pb.go:1381.51,1383.2 1 0
gitlab.com/pietroski-software-company/devex/golang/serializer/internal/generated/go/pkg/item/item.messages.pb.go:1385.48,1386.14 1 0
gitlab.com/pietroski-software-company/devex/golang/serializer/internal/generated/go/pkg/item/item.messages.pb.go:1386.14,1388.3 1 0
gitlab.com/pietroski-software-company/devex/golang/serializer/internal/generated/go/pkg/item/item.messages.pb.go:1389.2,1389.11 1 0
gitlab.com/pietroski-software-company/devex/golang/serializer/internal/generated/go/pkg/item/item.messages.pb.go:1392.49,1393.14 1 0
gitlab.com/pietroski-software-company/devex/golang/serializer/internal/generated/go/pkg/item/item.messages.pb.go:1393.14,1395.3 1 0
[...]
gitlab.com/pietroski-software-company/devex/golang/serializer/serializerx/binary.go:420.15,421.23 1 0
gitlab.com/pietroski-software-company/devex/golang/serializer/serializerx/binary.go:421.23,423.4 1 0
gitlab.com/pietroski-software-company/devex/golang/serializer/serializerx/binary.go:425.3,425.14 1 0
gitlab.com/pietroski-software-company/devex/golang/serializer/serializerx/binary.go:426.15,427.23 1 0
gitlab.com/pietroski-software-company/devex/golang/serializer/serializerx/binary.go:427.23,429.4 1 0
gitlab.com/pietroski-software-company/devex/golang/serializer/serializerx/binary.go:431.3,431.14 1 0
gitlab.com/pietroski-software-company/devex/golang/serializer/serializerx/binary.go:432.14,433.23 1 0
gitlab.com/pietroski-software-company/devex/golang/serializer/serializerx/binary.go:433.23,435.4 1 0
gitlab.com/pietroski-software-company/devex/golang/serializer/serializerx/binary.go:437.3,437.14 1 0
gitlab.com/pietroski-software-company/devex/golang/serializer/serializerx/binary.go:438.15,440.14 2 0
gitlab.com/pietroski-software-company/devex/golang/serializer/serializerx/binary.go:441.16,442.23 1 0
gitlab.com/pietroski-software-company/devex/golang/serializer/serializerx/binary.go:442.23,444.4 1 0
gitlab.com/pietroski-software-company/devex/golang/serializer/serializerx/binary.go:446.3,446.14 1 0
gitlab.com/pietroski-software-company/devex/golang/serializer/serializerx/binary.go:447.16,448.23 1 0
gitlab.com/pietroski-software-company/devex/golang/serializer/serializerx/binary.go:448.23,450.4 1 0
gitlab.com/pietroski-software-company/devex/golang/serializer/serializerx/binary.go:452.3,452.14 1 0
gitlab.com/pietroski-software-company/devex/golang/serializer/serializerx/binary.go:453.16,454.23 1 0
gitlab.com/pietroski-software-company/devex/golang/serializer/serializerx/binary.go:454.23,456.4 1 0
gitlab.com/pietroski-software-company/devex/golang/serializer/serializerx/binary.go:458.3,458.14 1 0
gitlab.com/pietroski-software-company/devex/golang/serializer/serializerx/binary.go:459.17,460.23 1 0
gitlab.com/pietroski-software-company/devex/golang/serializer/serializerx/binary.go:460.23,462.4 1 0
gitlab.com/pietroski-software-company/devex/golang/serializer/serializerx/binary.go:464.3,464.14 1 0
gitlab.com/pietroski-software-company/devex/golang/serializer/serializerx/binary.go:465.17,466.23 1 0
gitlab.com/pietroski-software-company/devex/golang/serializer/serializerx/binary.go:466.23,468.4 1 0
gitlab.com/pietroski-software-company/devex/golang/serializer/serializerx/binary.go:470.3,470.14 1 0
gitlab.com/pietroski-software-company/devex/golang/serializer/serializerx/binary.go:471.19,472.23 1 0
gitlab.com/pietroski-software-company/devex/golang/serializer/serializerx/binary.go:472.23,475.4 2 0
gitlab.com/pietroski-software-company/devex/golang/serializer/serializerx/binary.go:477.3,477.14 1 0
gitlab.com/pietroski-software-company/devex/golang/serializer/serializerx/binary.go:478.20,479.23 1 0
gitlab.com/pietroski-software-company/devex/golang/serializer/serializerx/binary.go:479.23,482.4 2 0
gitlab.com/pietroski-software-company/devex/golang/serializer/serializerx/binary.go:484.3,484.14 1 0
gitlab.com/pietroski-software-company/devex/golang/serializer/serializerx/binary.go:485.17,486.23 1 0
gitlab.com/pietroski-software-company/devex/golang/serializer/serializerx/binary.go:486.23,488.4 1 0
gitlab.com/pietroski-software-company/devex/golang/serializer/serializerx/binary.go:490.3,490.14 1 0
gitlab.com/pietroski-software-company/devex/golang/serializer/serializerx/binary.go:491.16,492.24 1 0
gitlab.com/pietroski-software-company/devex/golang/serializer/serializerx/binary.go:492.24,495.17 3 0
gitlab.com/pietroski-software-company/devex/golang/serializer/serializerx/binary.go:495.17,496.18 1 0
gitlab.com/pietroski-software-company/devex/golang/serializer/serializerx/binary.go:496.18,498.6 1 0
gitlab.com/pietroski-software-company/devex/golang/serializer/serializerx/binary.go:498.11,500.6 1 0
gitlab.com/pietroski-software-company/devex/golang/serializer/serializerx/binary.go:502.5,502.13 1 0
gitlab.com/pietroski-software-company/devex/golang/serializer/serializerx/binary.go:505.4,505.17 1 0
gitlab.com/pietroski-software-company/devex/golang/serializer/serializerx/binary.go:508.3,508.14 1 0
gitlab.com/pietroski-software-company/devex/golang/serializer/serializerx/binary.go:511.2,511.14 1 0
gitlab.com/pietroski-software-company/devex/golang/serializer/serializerx/binary.go:516.8,517.31 1 57
gitlab.com/pietroski-software-company/devex/golang/serializer/serializerx/binary.go:518.16,519.31 1 0
gitlab.com/pietroski-software-company/devex/golang/serializer/serializerx/binary.go:519.31,520.29 1 0
gitlab.com/pietroski-software-company/devex/golang/serializer/serializerx/binary.go:520.29,522.5 1 0
gitlab.com/pietroski-software-company/devex/golang/serializer/serializerx/binary.go:522.10,524.5 1 0
gitlab.com/pietroski-software-company/devex/golang/serializer/serializerx/binary.go:527.3,527.14 1 0
gitlab.com/pietroski-software-company/devex/golang/serializer/serializerx/binary.go:528.18,529.31 1 5
gitlab.com/pietroski-software-company/devex/golang/serializer/serializerx/binary.go:529.31,531.4 1 23
gitlab.com/pietroski-software-company/devex/golang/serializer/serializerx/binary.go:533.3,533.14 1 5
gitlab.com/pietroski-software-company/devex/golang/serializer/serializerx/binary.go:534.15,536.14 2 12
gitlab.com/pietroski-software-company/devex/golang/serializer/serializerx/binary.go:537.16,539.14 2 1
gitlab.com/pietroski-software-company/devex/golang/serializer/serializerx/binary.go:540.17,542.14 2 1
gitlab.com/pietroski-software-company/devex/golang/serializer/serializerx/binary.go:543.17,545.14 2 1
gitlab.com/pietroski-software-company/devex/golang/serializer/serializerx/binary.go:546.17,548.14 2 2
gitlab.com/pietroski-software-company/devex/golang/serializer/serializerx/binary.go:549.16,551.14 2 1
gitlab.com/pietroski-software-company/devex/golang/serializer/serializerx/binary.go:552.17,554.14 2 8
gitlab.com/pietroski-software-company/devex/golang/serializer/serializerx/binary.go:555.18,557.14 2 1
gitlab.com/pietroski-software-company/devex/golang/serializer/serializerx/binary.go:558.18,560.14 2 1
gitlab.com/pietroski-software-company/devex/golang/serializer/serializerx/binary.go:561.18,563.14 2 2
gitlab.com/pietroski-software-company/devex/golang/serializer/serializerx/binary.go:564.19,565.31 1 1
gitlab.com/pietroski-software-company/devex/golang/serializer/serializerx/binary.go:565.31,567.4 1 17
gitlab.com/pietroski-software-company/devex/golang/serializer/serializerx/binary.go:569.3,569.14 1 1
gitlab.com/pietroski-software-company/devex/golang/serializer/serializerx/binary.go:570.19,571.31 1 1
gitlab.com/pietroski-software-company/devex/golang/serializer/serializerx/binary.go:571.31,573.4 1 23
gitlab.com/pietroski-software-company/devex/golang/serializer/serializerx/binary.go:575.3,575.14 1 1
gitlab.com/pietroski-software-company/devex/golang/serializer/serializerx/binary.go:576.21,577.31 1 1
gitlab.com/pietroski-software-company/devex/golang/serializer/serializerx/binary.go:577.31,580.4 2 19
gitlab.com/pietroski-software-company/devex/golang/serializer/serializerx/binary.go:582.3,582.14 1 1
gitlab.com/pietroski-software-company/devex/golang/serializer/serializerx/binary.go:583.22,584.31 1 1
gitlab.com/pietroski-software-company/devex/golang/serializer/serializerx/binary.go:584.31,587.4 2 26
gitlab.com/pietroski-software-company/devex/golang/serializer/serializerx/binary.go:589.3,589.14 1 1
gitlab.com/pietroski-software-company/devex/golang/serializer/serializerx/binary.go:590.19,591.31 1 0
gitlab.com/pietroski-software-company/devex/golang/serializer/serializerx/binary.go:591.31,593.4 1 0
gitlab.com/pietroski-software-company/devex/golang/serializer/serializerx/binary.go:595.3,595.14 1 0
gitlab.com/pietroski-software-company/devex/golang/serializer/serializerx/binary.go:596.19,597.31 1 7
gitlab.com/pietroski-software-company/devex/golang/serializer/serializerx/binary.go:597.31,601.17 4 26
gitlab.com/pietroski-software-company/devex/golang/serializer/serializerx/binary.go:601.17,602.13 1 1
gitlab.com/pietroski-software-company/devex/golang/serializer/serializerx/binary.go:605.4,605.24 1 25
gitlab.com/pietroski-software-company/devex/golang/serializer/serializerx/binary.go:608.3,608.14 1 7
gitlab.com/pietroski-software-company/devex/golang/serializer/serializerx/binary.go:609.10,610.15 1 11
gitlab.com/pietroski-software-company/devex/golang/serializer/serializerx/binary.go:616.8,617.31 1 57
gitlab.com/pietroski-software-company/devex/golang/serializer/serializerx/binary.go:618.16,620.21 2 0
gitlab.com/pietroski-software-company/devex/golang/serializer/serializerx/binary.go:620.21,622.4 1 0
gitlab.com/pietroski-software-company/devex/golang/serializer/serializerx/binary.go:624.3,625.14 2 0
gitlab.com/pietroski-software-company/devex/golang/serializer/serializerx/binary.go:626.18,628.21 2 5
gitlab.com/pietroski-software-company/devex/golang/serializer/serializerx/binary.go:628.21,630.4 1 23
gitlab.com/pietroski-software-company/devex/golang/serializer/serializerx/binary.go:632.3,633.14 2 5
gitlab.com/pietroski-software-company/devex/golang/serializer/serializerx/binary.go:634.15,636.14 2 12
gitlab.com/pietroski-software-company/devex/golang/serializer/serializerx/binary.go:637.16,639.14 2 1
gitlab.com/pietroski-software-company/devex/golang/serializer/serializerx/binary.go:640.17,642.14 2 1
gitlab.com/pietroski-software-company/devex/golang/serializer/serializerx/binary.go:643.17,645.14 2 1
gitlab.com/pietroski-software-company/devex/golang/serializer/serializerx/binary.go:646.17,648.14 2 2
gitlab.com/pietroski-software-company/devex/golang/serializer/serializerx/binary.go:649.16,651.14 2 1
gitlab.com/pietroski-software-company/devex/golang/serializer/serializerx/binary.go:652.17,654.14 2 8
gitlab.com/pietroski-software-company/devex/golang/serializer/serializerx/binary.go:655.18,657.14 2 1
gitlab.com/pietroski-software-company/devex/golang/serializer/serializerx/binary.go:658.18,660.14 2 1
gitlab.com/pietroski-software-company/devex/golang/serializer/serializerx/binary.go:661.18,663.14 2 2
gitlab.com/pietroski-software-company/devex/golang/serializer/serializerx/binary.go:664.19,666.21 2 7
gitlab.com/pietroski-software-company/devex/golang/serializer/serializerx/binary.go:666.21,668.14 2 26
gitlab.com/pietroski-software-company/devex/golang/serializer/serializerx/binary.go:668.14,669.13 1 1
gitlab.com/pietroski-software-company/devex/golang/serializer/serializerx/binary.go:672.4,672.23 1 25
gitlab.com/pietroski-software-company/devex/golang/serializer/serializerx/binary.go:675.3,676.14 2 7
gitlab.com/pietroski-software-company/devex/golang/serializer/serializerx/binary.go:677.10,678.15 1 15
gitlab.com/pietroski-software-company/devex/golang/serializer/serializerx/binary.go:686.83,688.35 2 82
gitlab.com/pietroski-software-company/devex/golang/serializer/serializerx/binary.go:688.35,691.30 2 241
gitlab.com/pietroski-software-company/devex/golang/serializer/serializerx/binary.go:691.30,692.17 1 2
gitlab.com/pietroski-software-company/devex/golang/serializer/serializerx/binary.go:692.17,695.13 2 1
gitlab.com/pietroski-software-company/devex/golang/serializer/serializerx/binary.go:698.4,699.16 2 1
gitlab.com/pietroski-software-company/devex/golang/serializer/serializerx/binary.go:702.3,702.33 1 240
gitlab.com/pietroski-software-company/devex/golang/serializer/serializerx/binary.go:702.33,705.12 2 1
gitlab.com/pietroski-software-company/devex/golang/serializer/serializerx/binary.go:708.3,708.61 1 239
gitlab.com/pietroski-software-company/devex/golang/serializer/serializerx/binary.go:708.61,710.12 2 44
gitlab.com/pietroski-software-company/devex/golang/serializer/serializerx/binary.go:713.3,713.30 1 195
gitlab.com/pietroski-software-company/devex/golang/serializer/serializerx/binary.go:713.30,715.12 2 9
gitlab.com/pietroski-software-company/devex/golang/serializer/serializerx/binary.go:719.3,719.39 1 186
gitlab.com/pietroski-software-company/devex/golang/serializer/serializerx/binary.go:723.83,725.35 2 82
gitlab.com/pietroski-software-company/devex/golang/serializer/serializerx/binary.go:725.35,728.30 2 241
gitlab.com/pietroski-software-company/devex/golang/serializer/serializerx/binary.go:728.30,730.23 1 2
gitlab.com/pietroski-software-company/devex/golang/serializer/serializerx/binary.go:730.23,731.13 1 1
gitlab.com/pietroski-software-company/devex/golang/serializer/serializerx/binary.go:734.4,735.16 2 1
gitlab.com/pietroski-software-company/devex/golang/serializer/serializerx/binary.go:738.3,738.33 1 240
gitlab.com/pietroski-software-company/devex/golang/serializer/serializerx/binary.go:738.33,740.12 2 1
gitlab.com/pietroski-software-company/devex/golang/serializer/serializerx/binary.go:743.3,743.61 1 239
gitlab.com/pietroski-software-company/devex/golang/serializer/serializerx/binary.go:743.61,745.12 2 44
gitlab.com/pietroski-software-company/devex/golang/serializer/serializerx/binary.go:748.3,748.30 1 195
gitlab.com/pietroski-software-company/devex/golang/serializer/serializerx/binary.go:748.30,750.12 2 9
gitlab.com/pietroski-software-company/devex/golang/serializer/serializerx/binary.go:754.3,754.34 1 186
gitlab.com/pietroski-software-company/devex/golang/serializer/serializerx/binary.go:762.87,765.15 3 59
gitlab.com/pietroski-software-company/devex/golang/serializer/serializerx/binary.go:765.15,767.3 1 2
gitlab.com/pietroski-software-company/devex/golang/serializer/serializerx/binary.go:772.2,772.61 1 57
gitlab.com/pietroski-software-company/devex/golang/serializer/serializerx/binary.go:772.61,774.3 1 46
gitlab.com/pietroski-software-company/devex/golang/serializer/serializerx/binary.go:776.2,776.28 1 11
gitlab.com/pietroski-software-company/devex/golang/serializer/serializerx/binary.go:776.28,779.30 2 30
gitlab.com/pietroski-software-company/devex/golang/serializer/serializerx/binary.go:779.30,780.17 1 10
gitlab.com/pietroski-software-company/devex/golang/serializer/serializerx/binary.go:780.17,782.13 2 5
gitlab.com/pietroski-software-company/devex/golang/serializer/serializerx/binary.go:785.4,786.16 2 5
gitlab.com/pietroski-software-company/devex/golang/serializer/serializerx/binary.go:789.3,789.33 1 25
gitlab.com/pietroski-software-company/devex/golang/serializer/serializerx/binary.go:789.33,791.12 2 10
gitlab.com/pietroski-software-company/devex/golang/serializer/serializerx/binary.go:794.3,794.61 1 15
gitlab.com/pietroski-software-company/devex/golang/serializer/serializerx/binary.go:794.61,796.12 2 15
gitlab.com/pietroski-software-company/devex/golang/serializer/serializerx/binary.go:799.3,799.30 1 0
gitlab.com/pietroski-software-company/devex/golang/serializer/serializerx/binary.go:799.30,801.12 2 0
gitlab.com/pietroski-software-company/devex/golang/serializer/serializerx/binary.go:805.3,806.11 2 0
gitlab.com/pietroski-software-company/devex/golang/serializer/serializerx/binary.go:810.87,812.17 2 59
gitlab.com/pietroski-software-company/devex/golang/serializer/serializerx/binary.go:812.17,814.3 1 2
gitlab.com/pietroski-software-company/devex/golang/serializer/serializerx/binary.go:816.2,816.65 1 57
gitlab.com/pietroski-software-company/devex/golang/serializer/serializerx/binary.go:816.65,818.3 1 42
gitlab.com/pietroski-software-company/devex/golang/serializer/serializerx/binary.go:820.2,821.30 2 15
gitlab.com/pietroski-software-company/devex/golang/serializer/serializerx/binary.go:821.30,824.38 2 115
gitlab.com/pietroski-software-company/devex/golang/serializer/serializerx/binary.go:824.38,825.12 1 85
gitlab.com/pietroski-software-company/devex/golang/serializer/serializerx/binary.go:828.3,828.61 1 30
gitlab.com/pietroski-software-company/devex/golang/serializer/serializerx/binary.go:828.61,830.12 2 15
gitlab.com/pietroski-software-company/devex/golang/serializer/serializerx/binary.go:833.3,833.30 1 15
gitlab.com/pietroski-software-company/devex/golang/serializer/serializerx/binary.go:833.30,834.23 1 10
gitlab.com/pietroski-software-company/devex/golang/serializer/serializerx/binary.go:834.23,835.13 1 5
gitlab.com/pietroski-software-company/devex/golang/serializer/serializerx/binary.go:838.4,839.16 2 5
gitlab.com/pietroski-software-company/devex/golang/serializer/serializerx/binary.go:842.3,842.33 1 10
gitlab.com/pietroski-software-company/devex/golang/serializer/serializerx/binary.go:842.33,844.12 2 10
gitlab.com/pietroski-software-company/devex/golang/serializer/serializerx/binary.go:847.3,847.30 1 0
gitlab.com/pietroski-software-company/devex/golang/serializer/serializerx/binary.go:847.30,849.12 2 0
gitlab.com/pietroski-software-company/devex/golang/serializer/serializerx/binary.go:853.3,853.34 1 0
gitlab.com/pietroski-software-company/devex/golang/serializer/serializerx/binary.go:861.80,865.15 3 19
gitlab.com/pietroski-software-company/devex/golang/serializer/serializerx/binary.go:865.15,867.3 1 1
gitlab.com/pietroski-software-company/devex/golang/serializer/serializerx/binary.go:869.2,869.51 1 18
gitlab.com/pietroski-software-company/devex/golang/serializer/serializerx/binary.go:870.19,871.35 1 2
gitlab.com/pietroski-software-company/devex/golang/serializer/serializerx/binary.go:871.35,874.4 2 20
gitlab.com/pietroski-software-company/devex/golang/serializer/serializerx/binary.go:876.3,876.9 1 2
gitlab.com/pietroski-software-company/devex/golang/serializer/serializerx/binary.go:877.23,878.35 1 2
gitlab.com/pietroski-software-company/devex/golang/serializer/serializerx/binary.go:878.35,881.4 2 20
gitlab.com/pietroski-software-company/devex/golang/serializer/serializerx/binary.go:883.3,883.9 1 2
gitlab.com/pietroski-software-company/devex/golang/serializer/serializerx/binary.go:884.25,885.35 1 2
gitlab.com/pietroski-software-company/devex/golang/serializer/serializerx/binary.go:885.35,888.4 2 6
gitlab.com/pietroski-software-company/devex/golang/serializer/serializerx/binary.go:890.3,890.9 1 2
gitlab.com/pietroski-software-company/devex/golang/serializer/serializerx/binary.go:919.10,920.39 1 12
gitlab.com/pietroski-software-company/devex/golang/serializer/serializerx/binary.go:920.39,928.4 3 36
gitlab.com/pietroski-software-company/devex/golang/serializer/serializerx/binary.go:932.80,934.17 2 19
gitlab.com/pietroski-software-company/devex/golang/serializer/serializerx/binary.go:934.17,936.3 1 1
gitlab.com/pietroski-software-company/devex/golang/serializer/serializerx/binary.go:938.2,938.34 1 18
gitlab.com/pietroski-software-company/devex/golang/serializer/serializerx/binary.go:939.19,941.31 2 2
gitlab.com/pietroski-software-company/devex/golang/serializer/serializerx/binary.go:941.31,943.4 1 20
gitlab.com/pietroski-software-company/devex/golang/serializer/serializerx/binary.go:944.3,945.9 2 2
gitlab.com/pietroski-software-company/devex/golang/serializer/serializerx/binary.go:946.23,948.31 2 2
gitlab.com/pietroski-software-company/devex/golang/serializer/serializerx/binary.go:948.31,950.4 1 20
gitlab.com/pietroski-software-company/devex/golang/serializer/serializerx/binary.go:951.3,952.9 2 2
gitlab.com/pietroski-software-company/devex/golang/serializer/serializerx/binary.go:953.25,955.31 2 2
gitlab.com/pietroski-software-company/devex/golang/serializer/serializerx/binary.go:955.31,957.4 1 6
gitlab.com/pietroski-software-company/devex/golang/serializer/serializerx/binary.go:958.3,959.9 2 2
gitlab.com/pietroski-software-company/devex/golang/serializer/serializerx/binary.go:999.10,1001.31 2 12
gitlab.com/pietroski-software-company/devex/golang/serializer/serializerx/binary.go:1001.31,1009.4 5 36
gitlab.com/pietroski-software-company/devex/golang/serializer/serializerx/binary.go:1017.90,1021.2 3 67
gitlab.com/pietroski-software-company/devex/golang/serializer/serializerx/binary.go:1023.90,1025.2 1 70
gitlab.com/pietroski-software-company/devex/golang/serializer/serializerx/binary.go:1027.73,1030.2 2 38
gitlab.com/pietroski-software-company/devex/golang/serializer/serializerx/binary.go:1032.68,1034.2 1 35
